--- /dev/fd/63	2014-12-18 15:55:18.361844834 +0100
+++ /dev/fd/62	2014-12-18 15:55:18.362844824 +0100
@@ -10564535,10 +10564535,10 @@
  74
  68
  20
- 31
+ 35
  34
- 32
- 36
+ 30
+ 20
  20
  20
  20
@@ -10564579,1452 +10564579,566 @@
  0a
  78
  da
- 8d
- 57
+ 6d
+ 53
  4b
  8f
- e4
- 26
+ db
+ 20
  10
  be
- cf
- af
- f0
- 11
- 4b
- d3
- 8e
- c1
- e0
- 47
- 6e
+ e7
+ 57
+ 70
+ 84
+ 83
+ 29
+ 60
+ 9e
+ bd
+ ed
+ 56
  bb
- d1
- ee
- 66
- a3
- 44
- 8a
- 92
- 96
- 72
- c8
- e6
- 40
- db
- 8c
- 1b
- 8d
  db
+ 56
+ ad
+ 54
+ b5
+ be
+ 55
+ 3d
+ 38
+ 36
+ b1
+ 51
+ 13
+ 88
+ 6c
+ a7
+ ab
+ fd
+ f7
+ c5
+ 80
+ d3
+ 6c
+ b5
+ 87
+ c0
+ cc
+ 18
+ be
+ 07
+ 33
+ 21
+ 60
+ 00
+ 04
+ 3c
+ ed
+ c8
  b6
- 0c
- 9e
- d9
- c9
- af
- 4f
- 41
- 81
+ 63
+ 09
+ b6
+ df
+ 34
+ 80
+ db
+ f4
  fb
- 31
- 33
- 52
- 0e
  d3
+ ee
+ be
+ d9
+ bd
+ 7b
+ a4
  86
  02
- 3e
- ea
- f1
- 55
- 51
- 93
- 27
- 7d
+ 63
+ b0
+ 64
  92
- 27
- 5f
- ee
- f2
- f8
- cd
- ca
+ 83
+ e6
+ 00
+ b8
+ 62
+ 58
+ 68
+ 05
  24
- fe
- 2d
- 7d
- 72
- 39
+ 17
+ d8
+ 68
+ 0a
+ 9a
+ 1e
+ fc
+ 84
+ 06
  fd
+ 6a
+ 3e
+ 5f
+ 41
  e3
- cb
- dd
- c7
- fd
- dd
- 0f
- 9f
- 69
- 43
- 93
- a6
- c9
- 4a
- 56
- f2
- 64
- ff
- 90
- f0
- 8a
- 65
- a2
- ae
- 92
- 92
- 8b
- ac
- a9
- 69
- b2
- ef
- 92
- bf
- 49
- 93
- fe
- b3
- ff
- 65
- 03
- 85
- 33
- 79
- 93
- 30
- 9e
- 55
- 75
- 45
- dd
- 99
  1d
+ 62
+ 00
  e3
- 79
- c6
- eb
- 12
- 06
- 4d
- 56
+ 58
+ 69
+ 45
  d7
- 35
- 1e
- fa
- bc
- da
- 75
- 51
- e9
- 8e
- 55
- 35
- 91
+ 3b
+ 15
+ e3
+ 04
+ 73
+ 2d
  63
- 87
- 83
- 69
- ec
- 27
- 3d
- f6
+ 60
+ b0
+ d6
+ 3a
+ 5f
+ 7a
+ bc
+ 2c
+ 97
+ c9
+ a2
+ 8a
+ 29
+ 0d
+ 5b
+ df
+ e7
+ 20
+ f8
+ 21
  38
- 79
- 4e
- 59
- 4e
- a6
- e5
- d1
- a1
- 03
- 28
- cd
- 13
- 5a
- 65
- 8c
- 0a
- af
- c8
- 8e
- 0a
- 98
+ 3f
+ e4
+ e4
+ 19
+ 31
+ 02
+ c3
+ f4
+ 7b
+ 45
+ 8f
+ a0
  94
  00
- 0a
- 1a
+ aa
+ 30
+ a3
+ 22
+ 09
+ a9
+ a8
+ 88
+ 89
+ 8c
+ a0
+ 51
+ 91
+ 62
+ aa
+ 28
+ c1
+ 14
  55
+ 94
+ 10
+ 02
+ ef
+ 86
+ 61
+ 42
+ 54
+ 43
+ 3b
+ b4
+ cb
+ ca
+ 22
+ 08
+ 3c
+ a7
+ 42
+ 18
+ a6
+ f6
+ 74
+ 5a
+ 49
+ 12
  ac
- 0a
- 9a
- 64
  34
- dd
- d1
- 3c
- cf
- c9
- 87
- be
- 5f
+ 80
  52
- 5a
- 13
- d5
- 4b
- eb
- 6e
- 11
- 39
- 99
- bd
+ 6c
+ 84
  60
- ea
- 17
+ 2b
+ 2a
+ c5
+ 84
+ 45
+ 13
+ 91
+ 09
+ 28
+ 8e
  79
- 3a
- b9
- 4b
- 3c
- 6c
- d9
- 24
- 94
- 66
- 8d
- 10
- cc
- a1
- d2
+ f4
  2c
- 67
- 60
- 04
- dc
- 94
- 54
- 3c
- e3
- 60
- b3
- a0
- 65
- 26
- 78
- 99
- ec
- 4f
- 00
- bf
- 3f
- 3a
  a8
- b2
- 21
- bf
- 2f
- 93
- 55
- 83
- 36
- 38
- 7b
- 00
- 44
- 95
- 32
- 0e
- 1a
+ c4
+ 82
+ 4b
+ d0
+ 9c
+ 22
+ 7c
+ 33
+ ae
+ 50
+ d2
+ c0
+ 6f
  53
- d4
- d8
- 8b
- db
- 69
- b4
- 7a
- 5c
- 55
- d8
- 65
- 27
- fc
- 1e
- bc
+ 58
+ ec
  d1
+ cd
  39
- 91
- ad
- d5
- 29
- 13
- e4
- 29
- a5
- 82
- a8
- e1
- 05
- 57
  3b
- 0f
- 14
- 64
- d3
- ac
- ba
- 1f
- d3
+ 44
+ 44
+ 8b
+ 18
+ 8f
+ 8a
+ 69
+ 56
+ 9c
+ ca
  5d
+ f0
+ 8b
+ f3
+ 17
+ 5b
+ 4e
+ 2d
  21
- 18
- 79
- 0e
- 37
- cf
- 83
+ ef
+ fb
+ 64
+ 9a
+ c0
+ b6
+ 5b
  1c
- f1
+ 62
+ 02
+ fe
+ 41
+ 54
+ 40
+ 7b
  7c
- c4
- 53
- e3
- a2
- db
- 23
- 8e
+ c9
+ 5f
+ fb
+ 04
+ 54
+ 6a
+ e1
+ 6c
+ fb
+ f7
+ a8
+ aa
+ 05
+ 83
+ cf
+ 85
+ f9
+ 7c
+ 6c
+ 7d
+ be
+ bf
+ e1
+ 59
+ 3f
+ b9
+ 6e
+ cc
+ b1
+ 5b
+ ca
+ ee
+ 0b
+ e7
+ 26
+ f8
+ 90
+ 5f
+ 3b
+ 5a
+ fe
+ cf
+ a3
+ ae
+ 05
+ 10
+ 84
+ 61
+ 9a
+ 1d
+ ee
+ 5f
+ f2
+ 5b
  b5
+ 7d
+ 9f
+ fb
+ 10
+ e3
+ d1
  0d
- df
- 31
- dc
- 19
- 15
- 7e
- 40
+ a3
+ 8d
  6f
- 83
- c9
- 37
- 36
- d6
+ 67
+ 60
  85
- 48
- 44
- ce
+ 28
+ 3c
+ de
+ 0a
+ 2c
+ 87
+ f7
+ f3
  32
- 8a
- 16
- 1e
- 5e
- d0
- 57
- b2
- eb
- 30
- 0e
+ ad
+ 76
+ 82
+ 9f
+ 73
+ e5
+ 10
+ a6
+ f2
+ 29
+ b6
+ c1
+ 22
+ ca
+ e1
+ 80
+ 04
+ bc
+ e9
+ c4
+ bf
+ 2e
+ a4
+ c2
  30
+ 85
+ 8b
+ ef
+ 6d
+ 9f
+ b3
+ e0
+ f3
+ 9e
+ d5
+ c7
+ e0
+ 64
+ bb
+ b1
+ f5
+ 6e
  3e
- ea
- fe
- a8
- c0
- 77
- 0d
- d9
- a5
- 94
- 0c
- 97
- 0a
- 86
  cd
- 07
- 63
- 17
- 67
- ce
- 34
- 1a
- 94
- 3c
- 4c
- 4b
+ d9
+ c1
+ 6b
+ f9
+ 5c
+ 2b
+ 2c
+ d7
+ a9
  58
- 82
- 30
- a8
+ 0d
+ f4
+ 6e
+ ee
+ 2e
+ f3
+ bc
+ 41
+ b9
+ 2b
  94
- 72
+ 2b
  d2
- a7
- 82
- 5c
- 44
+ b6
+ 1e
+ e1
+ 37
+ c7
+ 8a
+ 80
+ 2a
+ 0e
+ ab
  e2
- 1c
- 05
- 2f
+ d7
+ 79
+ 62
+ 65
+ 9e
+ ee
+ 5d
  e8
- 97
- 69
- 1d
- 3b
- d5
- e1
- 6c
- 1a
- f1
- 8b
- da
- c3
- e0
- a4
- da
- a3
- 1c
- b5
- 39
+ 46
+ 7b
+ 72
+ 5d
+ 7b
+ dc
+ 34
+ 2d
+ 6d
+ 89
+ 42
+ bf
+ bd
+ c4
+ 61
+ 6d
+ 68
+ f2
+ ae
+ 04
+ bc
+ bb
+ 61
+ a8
+ b1
+ 52
+ ac
+ 5e
  19
+ 98
+ 64
+ b8
+ 36
+ 22
+ 32
+ 25
+ 86
+ 2f
+ a8
+ 92
+ 0c
+ 7e
+ 48
+ eb
+ c7
  b4
- e0
- 5a
- 7d
- 5e
- 57
- 59
- e9
- 58
+ 3e
+ c4
+ 95
+ c2
+ af
+ 71
+ ad
  e1
+ a7
+ 54
+ f9
+ 91
+ 2a
+ cd
+ 5b
+ 03
+ 5b
+ 6d
+ 70
+ 31
+ c0
+ 9a
+ 9a
  0c
- e8
- b4
- 69
- 57
- 63
- 22
- 94
- de
- a0
- 74
- 50
- 2d
+ da
+ b9
+ 36
+ bc
+ fa
+ 4f
+ 02
  c6
- 28
- 8b
- ce
- a0
- 3c
- c0
- 35
- 2c
+ a2
  2b
- 1a
- 0e
- 14
- 2f
- 32
- 06
- 0c
- f6
- 70
- 1f
- 06
- 33
- dd
  c3
  41
- 5e
- 62
- 04
- 78
- 45
- a6
- 83
- 51
- 0b
- da
- 8f
- 0b
- f6
- 28
- 2d
- 2e
- a1
- c2
- 20
- 6a
- d7
- 65
- 51
- a3
+ 55
+ 6b
+ 81
+ a9
+ 66
  c5
- 89
- d1
- 76
- 95
- ce
- 39
- b8
- c9
- 2b
- 02
- e2
- d3
+ 9e
+ 7a
+ 75
  ea
- a3
+ a1
+ d9
+ fd
+ 05
+ f5
+ 27
  06
- a3
- 41
- 3f
- 3a
- a5
- 54
- 04
- 91
- e1
- e0
- f4
- 80
- 92
- 76
- 9a
- c0
- f1
- b3
- 5a
- a4
- 63
- 4c
+ 7a
+ 0a
+ 65
+ 6e
+ 64
+ 73
  74
- 7e
- 44
- 19
- ac
- b6
- d2
- 3c
- a2
- 2f
- 1d
- fe
- 18
- 2d
- cb
- ab
- 1b
- 47
- 89
- 3a
- ab
- ca
- 02
- 2d
- 0b
- ba
- 36
+ 72
+ 65
+ 61
+ 6d
+ 0a
+ 65
+ 6e
  64
- 42
- 60
- 3c
- de
- 10
- f3
+ 6f
  62
- ac
- 3a
- 19
- 9c
- 04
- 67
- 0d
- dd
- 3d
- 3a
- ef
- a0
- 20
- b2
- e1
- dc
- 06
- e0
- 28
- 2b
- ce
- 94
- 3d
- 05
- c3
- 1b
- d4
- 7f
- 8b
- 23
- 08
- 2e
- dc
- d2
- 10
- b4
- 79
- 19
- d5
- b0
- 5b
- c1
- a3
- 01
- 4b
- 1b
- 50
- a5
- 8d
- de
- 6a
- 7c
- 69
- 88
- 81
- ba
- a1
- 2d
- e7
- 3c
- 2b
- 68
- 85
- e6
- cc
- 8b
- da
- a9
- d3
- 7c
- 99
- 52
- e8
- 8e
- d7
- 0e
- 3a
- c7
- ab
- 9b
- 80
- 82
- c0
- 4a
- 73
- 15
- be
- 0a
- cc
- 6e
- bc
- d5
- 38
- 1b
- 27
- 87
- f9
- 9c
- 96
- 9c
- 64
- 90
- 8c
- 79
- 49
- fe
- 4a
- ab
- e6
- 1c
- 2e
- 3d
- 3e
- de
- 02
- 5f
- d4
- 07
- 1f
- bf
- 35
- 62
- 1d
- c2
- 29
- 19
- a0
- 43
- d9
- 70
- 16
- e6
- 50
- 50
- 6f
- 03
- e6
- 0a
- 66
- 15
- 52
- 53
- 2e
- ed
- 51
- 5b
- d5
- 86
- b2
- 09
- 35
- 21
- 64
- 59
- 01
- 11
- 68
- c1
- ad
- 8b
- 1c
- f4
- bf
- 48
- 7c
- f6
- 8e
- 3f
- 60
- e1
- 24
- 47
- d9
- ab
- 10
- 24
- 38
- 8b
- 41
- 62
- de
- f3
- 8b
- 3e
- b8
- 9a
- bb
- 5a
- 44
- 29
- 5c
- a2
- b6
- 0a
- b2
- c9
- dc
- e3
- a6
- e7
- 23
- 96
- 1a
- 5c
- 72
- a8
- 4f
- ba
- 53
- e6
- 9d
- ba
- c2
- a9
- c8
- 38
- 13
- 1b
- df
- 0c
- a8
- 50
- 40
- 2d
- 30
- ae
- 5c
- c2
- 48
- 10
- 33
- 2d
- 16
- 65
- 4e
- 0d
- f7
- 6d
- e5
- 2c
- 0f
- 7a
- d0
- 56
- bb
- a8
- 38
- 89
- b7
- d2
- 6d
- 7e
- a5
- a1
- c7
- 42
- ba
- 42
- 60
- 04
- 65
- e4
- eb
- 88
- d2
- 59
- 2e
- 56
- b7
- eb
- 20
- 97
- b4
- 68
- 08
- 28
- 5f
- 14
- d4
- 27
- b0
- c3
- f1
- a4
- 96
- 63
- b8
- d8
- 95
- 51
- f7
- f5
- 55
- ea
- fb
- 3c
- 4c
- 3a
- 2e
- 1c
- d5
- ab
- 12
- 11
- 0d
- cb
- 21
- 58
- 55
- 28
- 11
- df
- f2
- 9c
- 29
- 8c
- af
- 00
- f5
- 07
- b8
- 76
- 35
- 38
- 3b
- 4d
- 9d
- af
- 91
- 90
- a7
- 18
- 2b
- 90
- 85
- 8a
- 28
- 2e
- 2a
- 22
- 2c
- 5f
- 57
- 44
- d8
- 86
- b9
- ff
- 86
- d1
- be
- a2
- a0
- d1
- f7
- b8
- c5
- a3
- 7d
- b7
- 6a
- 0c
- 25
- 1b
- 36
- f8
- 77
- 00
- 96
- fc
- 1b
- 01
- 5f
- a8
- 9e
- dd
- a0
- 36
- 9a
- 5d
- 5b
- 53
- d4
- f0
- c4
- 15
- fc
- 6c
- cd
- 62
- ec
- ae
- 1d
- a4
- 71
- 56
- 14
- a0
- fa
- 8a
- 09
- 89
- f7
- d1
- 8d
- 04
- b0
- a4
- 46
- 79
- 18
- 54
- d8
- a7
- ad
- 1f
- 00
- b9
- 07
- dd
- 8f
- 81
- 61
- 20
- df
- aa
- 37
- ae
- a2
- 27
- 8a
- f2
- 15
- 45
- 4b
- 4f
- d1
- a2
- f2
- 0f
- e7
- 32
- 0d
- b8
- cb
- 3b
- a2
- 88
- c9
- 09
- 02
- d3
- 42
- c5
- 8a
- a6
- 34
- e5
- 8d
- 2d
- d0
- 0d
- e4
- ae
- c5
- 70
- b6
- c4
- fa
- e3
- 92
- 4d
- d0
- b7
- 18
- 9e
- c3
- 5d
- a7
- 79
- b5
- b1
- 3c
- 8b
- f0
- ac
- c2
- ee
- 43
- 78
- 7b
- d6
- f0
- 96
- d0
- f3
- a3
- 16
- b2
- 22
- bc
- 4d
- 2e
- 9f
- 5c
- 28
- 9d
- c1
- ae
- 3e
- 50
- ea
- fa
- 04
- a3
- f0
- d0
- c5
- d3
- e5
- b7
- a3
- c7
- ce
- 75
- f1
- 1d
- 86
- 15
- d0
- dd
- 94
- 9c
- a1
- 1d
- e0
- 0f
- d0
- 7c
- dd
- aa
- e2
- 99
- 1d
- 72
- 63
- 8f
- 9d
- ec
- cb
- ac
- 50
- fa
- 8d
- b1
- c2
- 1e
- 17
- 25
- 03
- 29
- 31
- e5
- 17
- 10
- 73
- 14
- 04
- 32
- 96
- ee
- 4d
- 79
- 72
- de
- 97
- 26
- 06
- 81
- 93
- 00
- 82
- 3d
- d9
- ff
- 63
- 20
- 54
- ec
- 61
- ed
- 42
- 4f
- e5
- 19
- 76
- 53
- 09
- 0a
- 5e
- 64
- b4
- 29
- 2f
- 5f
- 1e
- 01
- 57
- f8
- 44
- f7
- 1d
- 07
- 0f
- 7e
- 17
- 8e
- 15
- 8e
- 14
- 28
- 94
- 51
- e6
- 1d
- 7e
- 8f
- 33
- dc
- c9
- c9
- a3
- 1e
- 86
- 00
- 84
- 1f
- c8
- a1
- 55
- e1
- da
- f5
- 09
- 0c
- dc
- f9
- 64
- f7
- 32
- ca
- 93
- 86
- 5c
- f5
- 5d
- 97
- 88
- 1e
- 0a
- 8a
- 44
- f5
- 90
- 68
- 08
- f0
- 10
- f5
- 79
- a3
- ff
- 28
- 18
- 3c
- ab
- 22
- 3e
- 43
- fe
- 5e
- cf
- 83
- 1c
- 78
- 10
- bb
- 8e
- 19
- da
- 5a
- 1b
- ba
- 9b
- c0
- ca
- 27
- ad
- f0
- 5d
- c1
- b6
- 24
- 18
- 93
- 6f
- c4
- eb
- 94
- 9a
- 87
- d8
- 8e
- 8d
- 72
- 78
- d9
- 9a
- 1a
- 19
- 30
- e5
- ac
- 02
- 23
- b7
- ba
- 9c
- 93
- 78
- a3
- 1c
- 63
- 33
- 15
- 5b
- ea
- db
- e6
- e7
- 55
- 4f
- 9d
- 27
- 3b
- e8
- d4
- 2b
- be
- 35
- d3
- 2c
- 34
- d3
- 1f
- f5
- d4
- 1e
- 95
- f7
- 58
- 6c
- c8
- 6c
- 50
- 22
- 96
- 38
- d7
- f4
- 39
- 73
- bc
- ab
- 2b
- 41
- 3e
- 5c
- dc
- 50
- 64
- 55
- c5
- 0a
- 77
- 03
- 2b
- 5d
- 8f
- 25
- e0
- 26
- 7f
- c3
- af
- e9
- ae
- 64
- e4
- 27
- ff
- fb
- b3
- ff
- fd
- 04
- bf
- 94
- fc
- 06
- bf
- 05
- f9
- ea
- 25
- 7f
- 7a
- c9
- fe
- ad
- 6e
- 7d
- 17
- e1
- 60
- 90
- d5
- b4
- 41
- d0
- 56
- cb
- e9
- ea
- 1f
- 92
- 84
- 31
- b0
- 0a
- 3a
- bb
- 1d
- 83
- 7d
- f0
- 9f
- 45
- 30
- af
- ba
- da
- f5
- 69
- 7f
- f7
- 1f
- ce
- 64
- 7f
- 30
- 0a
- 65
- 6e
- 64
- 73
- 74
- 72
- 65
- 61
- 6d
- 0a
- 65
- 6e
- 64
- 6f
- 62
- 6a
- 0a
- 32
- 36
- 32
- 32
+ 6a
+ 0a
+ 32
+ 36
+ 32
+ 32
  20
  30
  20
@@ -10573152,8 +10572266,8 @@
  20
  31
  33
- 35
- 39
+ 36
+ 30
  20
  20
  20
@@ -10574273,284 +10573387,285 @@
  60
  66
  23
- 70
- 8a
- 35
- 24
- ec
- 8e
- be
- 09
- 99
- a9
- de
- 66
- 5f
- e3
- a3
- d9
- 57
- f9
- d6
+ b0
+ 15
+ 7c
+ db
+ b0
+ a5
+ ff
+ 26
  64
  a6
- e5
- 8e
- 40
- ed
- 61
- 81
- 6a
- bf
- 1d
- 68
- 7e
- 80
- cc
- ae
- 81
- e7
- 64
- 76
- 15
- 2c
- 51
- 42
- c2
- c1
- a7
- b4
- 06
- 97
- da
- 0c
- 1a
- 3d
+ 7a
+ 9b
+ 7d
+ 8d
  8f
- fb
- 70
- 9c
- 8b
+ 66
+ 5f
+ e5
+ 5b
+ 93
+ 99
+ 96
+ 3b
  02
- f7
- 3d
- 33
- a6
+ b5
+ 87
  05
- 51
- 62
- f3
- c8
- 0d
- 41
- 2a
- 65
- d6
- 11
- d8
- 34
- 1e
- be
- 32
- f6
- 67
- 6d
- 16
- 8d
+ aa
  fd
- 29
- ce
- 7d
- d8
- 12
- a3
- bf
- cf
- 3a
- 92
- 02
- cf
- 64
- a9
- 15
- 38
+ 76
+ a0
+ f9
+ 01
  32
- 8b
- c6
- c6
+ bb
+ 06
+ 9e
+ 93
+ d9
+ 55
  b0
- f3
- 20
- 96
- 23
- 1c
- b2
- 59
- db
- d8
- a1
- f2
  44
- 17
- 63
- c8
- 75
- 3e
- 48
- 0d
+ 09
+ 09
+ 07
+ 9f
+ d2
+ 1a
+ 5c
+ 6a
+ 33
+ 68
+ f4
  3c
- 4b
- 2a
- 6c
- f7
- 38
- cb
- b6
- c1
- 01
- 6c
- be
- 91
- 50
- 6e
- c2
- ef
- 93
+ ee
+ c3
+ 71
+ 2e
+ 0a
+ dc
  f7
- b5
- 3a
- be
- 77
- 6f
- 3a
- ed
- 8d
- 73
- 50
- 7f
- 9c
- d6
+ cc
+ 98
+ 16
+ 44
+ 89
+ cd
+ 23
+ 37
+ 04
+ a9
+ 94
+ 59
+ 47
+ 60
  d3
- 1d
- 45
- 9d
- e2
- a3
+ 78
+ f8
+ ca
+ d8
+ 9f
  b5
- 9e
- e4
- 01
- 5a
- bf
+ 59
+ 34
+ f6
+ a7
+ 38
+ f7
+ 61
+ 4b
+ 8c
+ fe
+ 3e
+ eb
+ 48
  0a
- 96
- 98
- b0
- 51
- e9
- 10
- 3b
- 76
- f3
- 92
- e7
- d0
- 40
- 45
- 1c
- 2b
- 51
- 9e
- a1
- c8
- 86
- e0
- 0c
- d5
- b0
- 11
- cd
- 39
- 82
- cc
- e2
- 83
+ 3c
  93
- ad
- 05
- fe
- 3a
- 31
- 87
- 96
- 90
- d1
- a8
- ad
  a5
- c0
- 43
- ff
- 06
- 68
- 6c
- f0
- cc
- 72
- b0
- da
- 67
- d1
- a8
- e4
+ 56
+ e0
  c8
- f3
- 6c
- 0c
- a9
+ 2c
+ 1a
+ 1b
+ c3
  ce
- fb
- 4d
- 25
- f2
- 87
- 02
- 45
+ 83
+ 58
+ 8e
+ 70
+ c8
+ 66
  6d
- d8
+ 63
+ 87
+ ca
+ 13
+ 5d
+ 8c
+ 21
+ d7
+ f9
+ 20
+ 35
+ f0
  2c
- 27
- e8
- 2d
+ a9
+ b0
+ dd
  e3
- 5c
- 9e
+ 2c
+ db
+ 06
+ 07
+ b0
+ f9
+ 46
  42
- bd
- 53
+ b9
+ 09
  bf
- b7
- 6c
- f3
- 67
- 0b
+ 4f
+ de
+ d7
+ ea
+ f8
+ de
+ bd
+ e9
+ b4
+ 37
+ ce
+ 41
+ fd
+ 71
+ 5a
+ 4f
+ 77
+ 14
+ 75
+ 8a
+ 8f
+ d6
+ 7a
+ 92
+ 07
+ 68
+ fd
+ 2a
+ 58
+ 62
+ c2
+ 46
+ a5
+ 43
+ ec
+ d8
  cd
- 61
- 3e
+ 4b
+ 9e
+ 43
+ 03
+ 15
+ 71
+ ac
+ 44
+ 79
+ 86
+ 22
+ 1b
+ 82
+ 33
+ 54
+ c3
+ 46
+ 34
+ e7
+ 08
+ 32
+ 8b
+ 0f
+ 4e
+ b6
+ 16
+ f8
+ eb
+ c4
+ 1c
+ 5a
+ 42
  c6
- 75
+ 31
+ d6
+ 5a
+ 0a
+ 3c
+ f4
+ 6f
+ 80
+ c6
+ 06
+ cf
+ 2c
+ 07
+ ab
+ 7d
+ 16
+ 8d
+ 4a
+ 8e
+ 3c
+ cf
+ c6
+ 90
+ ea
+ bc
+ df
+ 54
+ 22
+ 7f
+ 28
+ 50
+ d4
+ 86
+ cd
+ 72
+ 82
+ de
+ 32
+ ce
+ e5
+ 29
+ d4
+ 3b
+ f5
+ 7b
+ cb
+ 36
+ 7f
+ b6
+ d0
+ 1c
+ e6
+ 63
+ 5c
+ 57
+ 9d
+ 20
+ ed
+ f1
+ 6a
  d5
- 09
- d2
- 1e
- af
- 56
- dd
- 3f
- 65
- c4
+ fd
+ 03
+ e0
+ 70
  3e
- 36
+ 48
  0a
  65
  6e
@@ -10872687,9 +10871802,9 @@
  31
  35
  35
+ 32
  33
- 31
- 38
+ 30
  2b
  30
  31
@@ -10872722,9 +10871837,9 @@
  31
  35
  35
+ 32
  33
- 31
- 38
+ 30
  2b
  30
  31
@@ -10873580,73 +10872695,73 @@
  20
  5b
  3c
- 37
- 43
  36
+ 44
+ 30
+ 35
+ 45
  37
- 43
- 41
  42
- 32
- 37
- 36
+ 46
  42
  30
- 31
- 38
- 41
  39
- 36
- 43
- 44
- 42
- 46
+ 30
  32
+ 33
+ 31
+ 30
  31
- 39
- 38
  30
+ 37
+ 34
  36
- 41
- 32
+ 39
+ 35
  30
+ 46
+ 37
  30
- 41
+ 43
+ 42
+ 46
+ 44
+ 44
  3e
  20
  3c
- 37
- 43
  36
+ 44
+ 30
+ 35
+ 45
  37
- 43
- 41
  42
- 32
- 37
- 36
+ 46
  42
  30
- 31
- 38
- 41
  39
- 36
- 43
- 44
- 42
- 46
+ 30
  32
+ 33
+ 31
+ 30
  31
- 39
- 38
  30
+ 37
+ 34
  36
- 41
- 32
+ 39
+ 35
  30
+ 46
+ 37
  30
- 41
+ 43
+ 42
+ 46
+ 44
+ 44
  3e
  5d
  0a
@@ -10873661,7 +10872776,7 @@
  37
  34
  34
- 39
+ 38
  20
  20
  20
@@ -10873705,118 +10872820,118 @@
  25
  9b
  79
- 60
- 5c
- 57
- 7d
- ef
- e7
- 27
- 6b
- b1
- 46
- b2
- 25
- 6b
- bc
- 6b
- b7
- ac
+ 7c
+ 64
  65
- 46
- 23
- cb
- 92
- f7
- 45
- 92
- 37
- 6d
- d7
- fb
- 22
- 4b
- b6
- bc
- 9b
- a2
- 3b
- 6e
- fa
+ 99
+ ef
+ eb
+ c9
  da
- 04
- 0a
- 3c
- 08
+ a9
  a4
- 6f
- da
- 02
- cd
- 23
- 21
- 09
- 21
- 09
- 21
- 89
- 25
  3b
- 4e
- 70
- 48
- 08
  e9
- 0b
- 0d
- a5
- 05
- 26
- af
- 65
+ 54
+ 77
+ 7a
  c9
+ 9e
+ 74
+ 96
+ aa
+ 54
+ 3a
+ dd
+ e9
+ 7d
+ 49
+ d2
+ 5b
+ b6
+ d3
+ fb
+ 9a
+ 74
+ a7
+ f7
+ 76
+ 26
+ a7
+ fa
+ e2
+ 75
+ 44
+ 06
+ bd
+ 82
+ 3a
  53
- 12
- 02
- 09
- 37
+ 73
+ 07
+ e7
+ fa
+ 11
+ 04
+ 44
+ 40
+ 14
+ 3b
+ e9
+ a6
+ d1
+ 46
+ 60
  84
+ cb
  0c
- 2d
+ 8e
  33
- 30
- 04
- 02
- 59
- 99
- e6
- 91
- 04
- e2
- 9e
- cf
- 57
- fe
- e3
- e3
- df
+ 6a
+ 31
+ 33
+ 2e
+ 18
+ 5c
+ c1
+ 83
+ 40
+ 39
+ 63
+ 15
+ 96
+ 28
+ 0a
+ 88
+ d6
+ 45
+ 01
+ a5
  ef
- 77
- 97
- b9
+ fb
+ fd
+ a5
+ ff
+ f8
+ f6
+ f3
+ 3c
+ 67
+ a9
+ 73
+ de
  f7
- 9c
- ef
+ f7
+ bc
  ef
- 9c
- 7b
- 16
- 85
+ 79
+ 97
+ 84
  42
- c5
- 9f
- b9
- 52
+ 25
+ 1f
+ bf
+ 5a
  10
  0a
  15
@@ -10873824,100 +10872939,100 @@
  2c
  14
  aa
- e0
+ e4
  bf
  bc
  43
  78
- fa
- 28
+ e6
+ 18
  31
  03
  05
  c4
  4a
- 88
- 1d
- c1
- 9d
- 05
- 0a
  89
- 55
- 10
- 1b
- c3
- 2d
- 02
+ 1d
  c5
+ 2d
+ 04
+ 45
  c4
  2a
  89
  8d
- e2
- 96
- 80
- d9
- c4
+ e3
+ 16
+ 83
+ 12
  62
+ 55
  c4
- 0e
- e3
- 96
- 82
- 30
- b1
- 76
+ c6
+ 70
+ 4b
+ c1
+ 1c
  62
- 23
+ 31
+ 62
+ 47
+ 70
+ cb
+ 40
+ 98
+ 58
+ 17
+ b1
+ c3
  b8
- 65
+ e5
  a0
- 9c
+ 82
  d8
  46
  62
  87
  70
  e7
- 80
- b9
+ 82
+ 79
  c4
  36
  11
  3b
  88
  5b
- 01
- 2a
- 89
+ 09
+ aa
+ 88
  6d
  25
  76
  00
  77
- 1e
+ 3e
  a8
- 22
+ 26
  76
  88
  d8
  7e
  dc
  08
- 98
- 5f
+ 58
+ 50
  10
  2a
  f8
- 74
- 29
- b1
- 7d
- b8
- 0b
- c0
- 42
+ 87
+ 32
+ 62
+ fb
+ 70
+ 17
+ 82
+ 1a
  62
  61
  62
@@ -10873927,7 +10873042,7 @@
  81
  c5
  c4
- 6a
+ ea
  89
  ed
  c1
@@ -10873935,2297 +10873050,2294 @@
  02
  96
  12
- ab
- 23
+ 6b
+ 20
  b6
  1b
  b7
- 1a
+ 16
  d4
- 10
+ 11
  5b
  43
  6c
  17
  6e
- 2d
- a8
- 23
+ 3d
+ 68
+ 20
  b6
  96
  d8
  4e
  dc
- 7a
+ 46
  d0
- 40
+ 44
  6c
  27
  31
  0f
  b7
- 11
+ 19
+ b4
+ 10
+ db
+ 45
+ 6c
+ 14
+ b7
+ 15
  2c
  23
  b6
- 8b
+ 9b
+ d8
+ 08
+ 6e
+ 1b
+ 68
+ 27
+ 76
+ 86
  d8
  30
  6e
- 13
- 58
- 4e
- 6c
- 37
- b1
- 21
- dc
- 66
- d0
- 42
- ec
- 34
- b1
- 41
- dc
- 56
- d0
- 46
- ec
- 0c
- b1
- 01
- dc
- 28
- 88
- 11
- 3b
- 4b
- ac
- 1f
- b7
- 1d
+ 07
+ e8
+ 24
+ 76
+ 96
+ d8
+ 10
+ 6e
+ 14
  c4
- 0b
- 42
- b3
- 5a
- 17
- 11
- db
- 81
+ 88
+ 9d
+ 23
+ 36
+ 88
  db
+ 05
+ e2
+ 05
+ a1
+ c2
+ 8e
+ 45
+ c4
+ 76
+ e0
+ 76
+ 83
+ e5
+ c4
+ 9a
+ 89
+ 6d
+ c7
+ ed
  01
- 56
- 10
- 6b
- 24
- b6
- 1d
- b7
- 13
- ac
- 74
- b1
- d4
+ 2b
  5c
- 62
- db
- 70
- bb
- 40
- 37
+ 2c
+ 35
+ 8f
+ d8
+ 36
+ dc
+ 95
+ a0
+ 97
+ 58
+ 13
  b1
- 06
+ ad
+ b8
+ ab
+ c0
+ 6a
  62
- 5b
- 71
- 57
- 81
- d5
- c4
- b6
- 13
  db
- 82
- bb
+ 89
+ 6d
+ c1
+ 5d
+ 03
+ dc
+ ab
+ 16
+ dd
+ d4
+ 41
+ 6c
+ 00
+ 77
+ 1d
+ 58
+ 4f
+ ac
+ 93
+ 58
+ 3f
+ ee
  06
- b8
- 57
- 2d
- fc
- 64
- 2b
+ b0
+ 91
+ 58
+ 0f
  b1
  3e
  dc
- 75
+ 4d
  60
- 3d
+ 33
  b1
- 36
- 62
- bd
- b8
- 1b
- c0
- 46
- 62
- 9d
- c4
- 7a
- 70
- 37
- 81
- cd
+ 15
  c4
- 56
- 12
- db
- 8c
- ab
- 03
- bd
+ 36
+ e3
+ ea
+ 40
+ 3f
+ b1
+ 95
  c4
- ba
- 88
- e9
- 14
- dd
  74
- 0b
- b1
+ 8a
+ 6e
+ ba
+ 85
+ d8
+ 7a
+ 62
+ 1b
+ 71
  f5
- c4
- 36
- e2
- ea
- 81
- b6
- 11
- db
  40
- 4c
- b7
- d7
- cb
- ec
+ db
+ 88
+ 6d
  20
- 26
- bd
- ac
- c7
- 55
- 41
- 0c
+ a6
+ db
+ eb
+ 65
+ 76
  10
  93
- 36
- f4
- 68
- 2a
- c4
- 21
- 62
- a3
- c4
+ 5e
  d6
- e2
+ e3
  aa
- 02
- 3c
+ 20
+ 86
+ 88
+ 49
+ 1b
+ 7a
+ 34
+ 15
+ e2
+ 08
+ b1
+ 31
  62
- 63
- c4
- f4
- 5a
- aa
- bc
- 5d
- c4
- 8e
- 10
- 5b
- 8d
- ab
- 8a
- df
- 43
- 4c
- e5
- ac
- 22
- 91
- 68
- 9c
- 9a
- 0a
- 33
- b3
- 89
- 75
- e3
- 4a
- 70
- 07
- 88
- b5
- 10
- 53
+ 6b
  71
- 4a
- ac
+ 55
+ 01
+ 1e
+ b1
+ 71
+ 62
+ 7a
+ 2d
+ 55
+ de
+ 2e
+ 62
+ 47
+ 89
+ ad
+ c6
+ 55
+ c5
+ ef
+ 21
+ a6
+ 72
+ 56
+ 91
+ 48
+ 34
  4e
- 8e
+ 4d
  45
- a3
- 0b
+ 99
+ 39
+ c4
+ 7a
+ 71
+ 25
+ b8
+ 03
+ c4
+ da
  89
- ad
+ a9
+ 38
+ 25
+ 56
+ 27
+ c7
+ e2
+ b1
+ 1a
+ 62
+ 2b
+ 70
+ 25
+ f4
+ 23
  c4
- 95
- d0
- 0f
+ 96
  13
- 5b
- 41
- 4c
+ 53
  55
- a1
- 24
- 19
- 23
- a6
- b2
- 5a
- 81
- ab
- 04
- 3b
- 4a
+ 28
+ 49
+ c6
+ 89
+ a9
  ac
- 8f
- 98
- aa
- 71
- 1c
- 1c
- 23
- e6
- 11
- 8b
+ 96
  e3
- 1e
- 07
+ 2a
+ c1
+ 8e
+ 11
+ 1b
+ 20
+ a6
+ 6a
+ 9c
+ 00
+ c7
+ 89
+ 79
+ c4
+ e2
+ b8
  27
- 88
- 49
- 6b
- 92
  c0
  49
+ 62
+ d2
+ 9a
+ 24
  70
+ 0a
+ 9c
+ 26
+ 76
  8a
- d8
- 49
- 62
- 31
- dc
- d3
- c0
- c9
- a7
- 28
- b7
- 94
- 98
- e4
- e3
- de
- 28
- 34
- ed
- 92
- 7d
- 41
- 59
- 88
- 03
- d5
- 1c
- 68
- 23
- 46
- b2
- 4f
- bb
+ 58
+ 0c
+ f7
+ 0c
+ 70
+ f2
+ 29
+ ce
+ 2d
+ 25
+ 26
+ f9
+ b8
+ 37
+ 0a
+ cd
+ b8
  64
- 2f
+ 5f
+ 58
  1e
- 5d
- 47
- 0c
- fd
- 4d
- 93
+ e2
+ 40
+ 2d
+ 07
+ 3a
+ 89
+ 91
  ec
- d3
- 85
- c4
- 8e
- 11
- 6b
- c1
- 25
+ 33
+ 2e
  d9
- a7
- 8b
- 89
- 1d
- 27
- 86
- 76
- a7
+ 4b
+ c6
+ d6
+ 11
+ 43
+ 7f
+ 33
+ 24
+ fb
+ 4c
+ 11
+ b1
+ e3
+ c4
+ da
+ 71
  49
  f6
- 69
- 57
- 2e
- c5
- 69
- bd
- cc
- 72
- 5c
+ 99
+ 12
+ 62
+ 27
+ 88
+ a1
+ dd
+ 19
  92
  7d
- 3a
- 4c
- 4c
- f7
- 43
- f7
+ c6
+ 95
+ 4b
+ 49
+ 5a
+ 2f
+ b3
+ 0c
+ 97
+ 64
+ 9f
+ 09
+ 13
  d3
- 24
- fb
- 74
- 39
- 31
- 55
- f2
- 32
+ fd
+ d0
+ fd
+ 0c
+ c9
+ 3e
+ 53
+ 41
+ 4c
+ 95
+ dc
+ 82
+ 4b
+ b2
+ cf
+ cc
+ 23
+ a6
+ 4a
+ 26
+ 67
+ 66
+ 48
+ f6
+ 99
+ 2a
+ 62
+ aa
+ e4
+ 26
  5c
  92
  7d
- 7a
- 2e
- 31
- 55
- 32
- 39
- 33
- 4d
- b2
- 4f
- 57
- 12
- 53
- 25
- 37
+ a6
+ 9a
+ 98
+ 0a
+ 87
+ 7c
+ 9b
+ 21
+ d9
+ 67
+ 16
+ 10
+ d3
+ b3
+ 34
  e0
  92
  ec
- d3
- 55
+ 33
+ ae
+ ec
+ 4b
+ 13
+ 85
  c4
- 54
- 38
- e4
- db
- 34
- c9
- 3e
- 3d
- 9f
- 98
- 9e
- a5
- 0e
- 97
- 64
- 9f
- 76
- 65
- 5f
+ c8
+ d5
+ 19
  92
- 98
- 45
- 8c
- 5c
- 9d
- 26
- d9
- a7
- 17
- 13
- 2b
- 24
- 56
- 83
- 4b
- b2
- 4f
- 2f
- 25
- 56
- 44
- 8c
- 3c
- 9f
- 41
- 0d
+ 7d
+ 66
+ 31
  b1
+ 22
  62
- 62
- 4b
- 71
  75
- 83
- 3a
+ b8
+ 24
+ fb
+ cc
+ 52
  62
- 6a
- 04
- 75
- 99
- 7e
- bc
- 81
- 98
- c4
- b0
- 18
- 57
- 0f
- be
- 8c
- 98
- 1a
- 41
- fd
- a4
- 5e
- 7a
- 39
- b1
  c5
  c4
- 16
- e2
- aa
- c0
- 5a
+ c8
+ f3
+ 59
+ d4
+ 11
+ 2b
+ 21
+ b6
+ 14
+ 57
+ 37
+ 68
+ 20
+ a6
+ 46
+ 50
+ 97
+ e9
+ c7
+ 9b
  88
+ 49
+ 0c
+ 8b
+ 71
  f5
- 13
- d3
- e3
- aa
- b0
- db
+ e0
+ 2d
+ c4
+ d4
+ 08
+ ea
+ 27
+ f5
+ d2
+ cb
  88
- 0d
- 10
- 9b
+ 2d
+ 26
+ 56
+ 83
+ ab
+ 02
+ 6b
+ 27
+ 36
+ 48
+ 4c
  8f
- 4b
- 6d
- 51
- 8d
- 25
- 89
- 41
- 62
- 7a
- 55
- 6a
- 1a
- 09
- 94
+ ab
+ c2
+ ee
  24
+ 36
+ 44
+ 6c
+ 01
+ 2e
+ b5
+ 45
+ 35
+ 96
+ 26
  86
- 88
+ 89
+ e9
  55
- e1
- a2
- 12
- e4
- 53
- 92
- d8
- 4f
- 4c
- c5
- 84
- c2
- 90
- 5e
- 49
- e2
- 00
- b1
+ a9
+ 69
+ 24
+ 50
+ 9a
+ 18
+ 21
+ 56
+ 8d
+ 8b
  4a
- 5c
- d4
- 89
- 6c
- 4b
- 12
- 2a
- 2b
- 15
+ 90
+ 4f
+ 69
+ 62
+ 3f
  31
- ca
- 46
- f2
- 25
- d9
- 39
- c4
- e6
- e2
- 92
  15
- a4
- 4b
- 49
- 56
- 0d
- 85
+ 13
+ 0a
+ 43
+ 7a
+ a5
+ 89
+ 03
+ c4
  aa
- 87
- 8c
- 22
- d5
- 4a
- 93
- bd
+ 70
+ 51
+ 27
+ b2
+ 2d
+ 4d
+ a8
+ ac
+ 54
  c4
- ca
- 71
+ 28
+ 1b
  c9
- 46
- d2
- b4
- 34
- a9
- 86
- 4c
- 55
+ 97
+ 66
+ e7
+ 12
+ 9b
+ 87
  4b
- 26
- 93
- e2
- e1
- 88
- 74
- 10
- c6
- 25
- d9
- 69
- 1e
- c2
- 11
- e9
- 40
- b2
- 20
- d9
- 69
- 5a
- c2
- 11
- e9
- 60
- 36
+ 56
+ 90
  2e
- c9
- 4e
- b3
- 14
- 8e
- 48
- 07
- 92
+ a5
+ 59
+ 35
  14
+ aa
+ 1e
+ 32
+ 8a
+ 54
+ 2b
+ 4b
+ f6
+ 13
+ ab
+ c0
+ 25
+ 1b
+ 49
+ d3
+ b2
+ a4
+ 1a
+ 32
+ 55
+ 2d
+ 99
+ 4c
+ 8a
+ 87
+ 23
+ d2
+ 41
+ 18
+ 97
+ 64
+ a7
+ 79
+ 08
+ 47
+ a4
+ 03
  c9
- 4e
- 93
- 16
- 8e
- 48
- 07
- c5
+ 82
+ 64
+ a7
+ 69
+ 09
+ 47
+ a4
+ 83
+ 39
  b8
  24
  3b
  cd
- 61
+ 52
  38
- a2
- ce
- 41
- 72
+ 22
+ 1d
+ 48
+ 52
  24
- d9
- 69
- 4a
- c3
- 11
- 6e
- 80
- 62
- 43
- 6a
- 6d
- 69
- 86
- c3
- 11
- 35
- 64
+ 3b
+ 4d
+ 5a
+ 38
+ 22
+ 1d
+ 94
+ e0
  92
- 32
+ ec
+ 34
+ 87
+ e1
+ 88
+ 3a
+ 07
  c9
- 4e
- 13
- 1e
- 8e
- 70
- 53
+ 91
+ 64
+ a7
+ 29
+ 0d
+ 47
+ b8
+ 01
+ 8a
+ 0d
+ a9
+ b5
+ a5
+ 19
+ 0e
+ 47
  d4
- 1e
- 52
- 2b
- 4f
- f3
- 1f
- 9e
- c9
- 00
- f2
- 5c
- bd
- 86
- ba
- 93
- e9
- 43
- 16
- 2a
- ba
- 3f
- 84
- 45
- 8f
- 43
- 57
- 14
- 4e
- 52
- 1f
- 49
- 7e
- 2d
+ 90
  49
- 2b
- af
- ee
- 6e
- 7a
- c4
- 42
- b3
- 5f
- d7
- 79
- f4
- 74
+ ca
+ 24
+ 3b
+ 4d
+ 78
+ 38
+ c2
+ 4d
+ 51
+ 7b
+ 48
+ ad
+ 3c
+ cd
+ 7f
+ 78
+ 36
+ 03
+ c8
+ 73
+ f5
+ 1a
  ea
- 3e
- a7
- c7
+ 4e
+ 66
+ 0e
+ 59
+ a8
+ f8
+ f3
+ 21
  2c
- 54
  7a
+ 1c
+ ba
+ a2
+ 70
+ 92
+ fa
  48
- 31
- 9a
- 96
- 24
- 4d
- f8
+ f2
+ 6b
+ 49
+ 5a
+ 79
+ 75
+ 77
+ 33
+ 87
+ 2d
  34
- a9
- 3b
- 3d
- 6e
- a1
- 8a
- 2b
+ e7
+ b7
  3a
- 70
- 0c
- 90
- ba
+ 8f
+ 9e
+ 4e
+ dd
+ e7
+ cc
+ b8
+ 85
+ ca
+ 0e
+ 29
+ 46
  d3
- a7
- 00
+ 92
+ a4
  09
- 3b
- 7d
- 06
- b8
+ 9f
+ 21
+ 75
+ 67
+ 26
+ 2c
+ 54
+ 79
+ 55
+ 07
+ 8e
+ 03
+ 52
+ 77
+ e6
  34
- b5
- cb
- 74
- c7
+ 20
+ 61
+ 67
+ ce
+ 02
  97
- 0d
- d0
- 09
- 5f
- 9e
- 05
- e8
- 7a
- 2f
- 17
+ a6
+ 76
+ 85
+ ee
+ f8
+ 8a
  01
  3a
- dc
- cb
- 25
+ e1
+ 2b
+ 85
  80
- 6e
- f6
- 72
- 29
+ ae
+ f7
+ 4a
+ 31
  a0
- 73
+ c3
  bd
- 5c
- 06
- e8
  52
- 2f
- cf
+ 0a
+ e8
+ 66
+ af
+ 94
  01
- 74
- a4
- 97
+ 3a
+ d7
  2b
- 00
- dd
- e7
  e5
- 79
  80
- 4e
- f3
- 72
- 04
- cc
- 07
- 0b
- c0
- 42
- b0
- 08
- 2c
- 06
- 4b
- c0
- 52
- 50
+ 2e
+ f5
+ ca
+ 5c
+ 40
+ 47
+ 7a
+ a5
+ 12
+ d0
+ 7d
+ 5e
+ 99
  0f
- 1a
+ e8
+ 34
+ af
+ 44
+ c0
+ 02
+ b0
+ 10
+ d4
  80
- 72
- e1
- 84
- 85
- 2a
- cf
- ea
- d1
- aa
- 41
- 0d
- ef
+ 45
+ 60
+ 31
+ 58
+ 02
+ 96
+ 82
  46
- b1
+ d0
+ 04
+ 94
+ 0b
  27
- fb
  2d
- d4
- 59
- a3
- 03
- 8d
- 60
- 19
+ 54
+ 75
+ 4e
+ 8f
+ 56
+ 0b
+ ea
+ 78
+ 37
+ 8a
+ 3d
+ 39
  68
- 02
- cb
- 41
- 33
+ a1
+ 9e
+ 3a
+ 1d
  68
- 01
- ad
+ 06
+ 2d
  a0
- 0d
- 44
- 41
- 0c
- b4
- 83
- 38
- e8
- 00
- 2b
- 40
- 27
- 58
- 09
- ba
- 40
- 37
- 58
+ 15
+ 2c
+ 03
+ 6d
+ a0
+ 1d
+ 74
+ 80
+ 4e
+ 10
  05
- 56
- 83
- 35
- 60
- 2d
- 58
+ 31
+ d0
+ 05
+ e2
+ a0
+ 1b
+ 2c
  07
- d6
- 83
- 0d
+ 3d
  60
- 23
- d8
- 04
- 36
- 83
- 1e
- d0
- 0b
- fa
- c0
- 16
+ 05
+ 58
+ 09
+ 7a
+ c1
+ 2a
  b0
- 15
+ 1a
+ ac
+ 01
+ 6b
+ c1
+ 3a
+ b0
+ 1e
  6c
- 03
- db
+ 00
+ 1b
  c1
- 20
- e8
- 07
- 75
- 16
- aa
- 69
- d4
- 2b
- ec
+ 26
+ b0
+ 19
+ f4
+ 81
+ 7e
+ 30
  00
- 43
- 60
- 18
- 78
- 60
- 27
- d8
- 05
- 76
- 83
- 3d
+ b6
+ 80
+ ad
  60
- 2f
+ 1b
  d8
- 07
- f6
- 83
- 03
- e0
+ 0e
+ 86
+ c1
  20
- 38
- 04
- 46
- c0
+ 68
+ b0
+ 50
+ 5d
+ b3
+ 5e
  61
- 30
- 0a
- c6
+ 07
+ 18
+ 01
+ a3
  c0
- 11
+ 03
+ 3b
+ c1
+ 2e
+ b0
+ 1b
+ ec
+ 01
+ 7b
+ c1
+ 3e
+ b0
+ 1f
+ 1c
+ 00
+ 07
+ c1
+ 21
  70
- 14
- 8c
- 83
- e3
+ 18
+ 1c
+ 01
+ 63
  60
- c0
- 42
- 8d
- 0f
- e9
- 77
- 69
- 68
- 93
- fa
- a1
- 53
- c0
- 15
- 76
- f3
- 07
- 74
- e0
- 24
- 38
- c3
+ 1c
+ 1c
+ 05
  c7
- 8e
- 14
- 71
- da
- 42
- 2d
- 61
- 1d
+ c0
+ 04
  38
- 6b
- cd
- df
- 79
- 44
- 5f
- 6e
- fa
- 2c
- 2b
- b0
- d0
+ 01
  86
- c7
- e4
- a2
+ 2c
+ d4
+ fc
+ 90
+ 7e
  97
- bc
- 3e
- c1
- 8a
+ 86
+ 36
+ a9
+ 1f
+ 3a
+ 0d
+ 5c
+ 61
+ b7
+ bd
+ 4f
+ 07
+ 4e
+ 81
+ b3
+ 7c
+ ec
+ 48
+ 11
+ 67
  2c
- b4
- 71
- a7
- 62
- fa
- 4a
- 43
- 20
- f9
- 52
+ d4
+ 1e
+ d6
+ 81
+ 73
+ d6
+ f6
+ 8d
+ 47
+ f4
+ e5
+ a6
+ cf
+ b2
+ 02
  0b
  6d
- da
- a4
- 58
+ 78
+ 5c
+ 2e
+ 7a
+ c9
+ eb
+ 13
+ ac
  d8
  42
- bb
- ef
- 91
+ 1b
+ 77
+ 2a
+ a6
+ af
+ 34
+ 04
+ 92
+ 2f
+ b3
+ d0
+ a6
+ 4d
+ 8a
  85
- 22
- f2
- 88
- 26
- 8f
- 2c
- f2
- 88
- 21
- 8f
- 5e
- f2
- e5
- ee
+ 2d
+ b4
+ fb
+ 73
+ b2
+ 50
+ 44
+ 1e
+ d1
  e4
- f3
- 3a
- 85
- 46
+ 91
+ 45
+ 1e
+ 31
+ e4
+ d1
+ 4b
+ be
+ c2
+ 9d
+ 7c
  41
- ad
- 40
- 92
- 82
- c8
- 23
- 90
- 3c
- f2
- c9
- 2f
- b6
+ a7
  d0
- 33
- 1f
- 74
- 1d
- cb
- ef
- d3
- 21
- b3
- af
- fe
- 58
- 27
- 23
- a9
- 3c
- 2a
- c9
- 57
- 59
- a8
- bf
- 5e
- b1
- 25
- 5c
- 3b
- 0c
- b6
- 58
  28
- f5
- af
- 7c
- 6d
- 26
- 69
- 81
- 93
- 7a
- fa
- 7a
- 2b
- 88
- de
- a6
- f3
- 6a
- 01
- aa
- cb
- d7
- 58
- e8
- bb
- eb
+ a8
  15
- ab
- 03
  48
- 2a
- 8f
- a4
- f2
- 8d
- 56
- d0
- da
- ae
- 03
- cb
- ac
- ee
- 7f
- fc
- 8b
- 2c
- 14
- 96
- 47
- 61
- 79
- 14
- 96
- 47
- 16
- 79
- 74
- 95
- 6f
- b6
- ba
- 93
- b7
- e8
- 94
- 28
- bf
- a6
- 03
- 7c
- d2
- 25
- e9
- 26
- 22
- 54
- 4a
- 1e
- 35
- e5
- 3b
- ac
- ee
- aa
- 98
- ce
- 43
- 66
+ 52
+ 10
  79
  04
- 97
+ 92
  47
- 8e
- 79
- e4
- 98
- 5f
- 69
+ 3e
+ f9
+ c5
+ 16
+ fa
+ c1
  75
- 1f
- 7c
- 31
+ ae
+ 63
+ f9
+ 7d
+ 3a
  64
- 75
+ f6
+ a5
  1f
- 9a
- 29
- 71
- 84
- 99
- ef
+ eb
+ 64
+ 24
+ 95
+ 47
+ 25
+ f9
+ 6a
+ 0b
+ 0d
+ 36
+ 2a
  b6
- ba
- 8b
- 6f
- ca
- 45
+ 84
+ 6b
+ 47
+ c1
+ 16
+ 0b
+ a5
+ fe
+ 8d
+ af
+ cd
+ 24
+ 2d
  70
- f9
+ 52
+ 4f
+ df
+ 68
+ 05
+ d1
+ 3b
  75
- 56
- 77
- d3
- db
- 72
- 69
- c8
- d4
- 3a
- 46
- d0
- 4b
- be
- d7
- 9a
- 46
- 2a
+ 5e
+ 3d
+ 40
  75
+ f9
+ 3a
+ 0b
+ 7d
+ 73
+ bd
+ 62
+ 0d
  00
- e9
+ 49
  e5
- 7b
- ac
- ee
- ae
- 06
- b9
- 08
- 33
- 4f
- 73
- 98
- 44
- ac
- 79
- a4
- 97
- 47
- 8e
- f9
- 01
- 80
+ 91
+ 54
+ be
+ d9
+ 0a
  3a
- f3
- 28
- 31
- 8f
- 2c
- f2
- db
- ad
- 69
- d7
- 2e
- 5d
- 86
- 30
- f3
- b4
- 70
- 3e
- ad
- b7
- cf
- f7
- 5f
- 84
- 06
+ ba
+ 74
+ a0
+ c5
+ 1a
+ fe
+ e7
+ bf
  ca
- 27
- 21
- f2
- fa
- 49
- 24
- 9a
- 47
- a2
+ 42
+ 61
  79
- 24
- 9a
+ 14
+ 96
  47
- a2
+ 61
  79
- 24
- 9a
+ 64
+ 91
  47
- 98
- f9
- 5d
- d6
- fc
- c0
- dd
- ba
- 95
- 2e
- a3
- ff
- f0
- dd
- 81
- b0
  57
- 85
- b5
- 0f
- 4b
- 45
- 82
- 76
- f3
- e8
- 2f
- 8f
- 80
- f3
- 2a
- 2b
- 04
- 9c
- 47
- a2
- 79
- 54
- 9c
- 3f
- 0d
- 8e
- 01
- f4
- 9c
- 3f
- 01
- 68
- c3
- f2
- 87
- ad
  f9
- b1
- 99
- b2
- e2
- 3b
  36
- 59
+ 6b
+ 38
+ 75
+ bb
+ 4e
+ 89
+ f2
+ 6b
+ 3a
  c0
- 4d
+ 27
+ 5d
+ 92
+ 6e
+ 22
+ 42
+ a5
+ e4
+ 51
+ 53
+ be
+ db
+ 1a
+ ae
+ 89
  e9
- 08
- 3c
- 1e
  3c
- 69
- 00
- 09
- 78
- 7c
- 09
- 46
- f6
- f2
- bb
- fa
- 88
- 2e
- 00
- 21
- 6b
- fe
- e1
- ec
- 10
+ 64
  96
- 59
- 8b
- 6b
- da
- b0
- 0a
- 41
- 11
- 28
- 06
- 25
- 60
- 0e
- 28
- 03
- b3
- ac
- f9
  47
- f5
- 3a
- 8f
+ 70
+ 79
+ e4
+ 98
+ 47
  8e
- 39
- 49
+ f9
+ 15
+ d6
+ 70
+ dd
+ 0b
+ 21
+ 6b
+ b8
+ 7e
+ b6
+ c4
+ 11
+ 66
+ be
+ d7
+ 1a
+ 2e
+ fd
+ 4e
+ 2e
+ 82
+ cb
+ af
  b3
- ee
+ 86
+ 5b
+ df
+ 94
+ 4b
+ 43
+ a6
+ d6
  31
+ 82
+ 5e
+ f2
+ fd
  d6
- f0
- 0e
- 12
- 9b
- 0b
- 2a
- 40
- 25
- 98
+ 7a
+ b8
+ 4a
  07
- aa
- 40
- 04
- 68
- d0
- b0
- 00
- 68
- a8
- b0
- 08
- 68
- 80
- b0
+ 90
+ 5e
+ be
+ cf
+ 1a
+ 3e
+ db
+ 24
+ 17
+ 61
+ e6
+ 69
+ 0e
+ 93
+ 88
+ 35
+ 8f
+ f4
+ f2
+ c8
+ 31
+ 3f
  04
- 68
- 58
  50
- 0d
- 1a
- 41
- 3d
- 28
- b7
+ 67
+ 1e
+ 25
  e6
- 9f
+ 91
+ 45
+ 7e
+ bb
+ b5
+ ee
+ da
+ a5
+ cb
+ 10
+ 66
+ 9e
+ 16
+ ce
+ a7
+ f5
+ f6
+ f9
  fe
- 5c
- bf
- 46
- 23
- e8
- 33
- 08
- f1
- a8
- 46
- 8f
- af
- 2a
+ 8b
+ d0
+ 40
+ f9
+ 24
+ 44
+ 5e
+ 3f
+ 89
+ 44
+ f3
+ 48
+ 34
  8f
- ae
- cd
- 47
- e8
- de
- 02
- c0
- 97
- 87
- 47
- af
- e1
+ 44
  f3
- 11
- e8
- 23
- 42
+ 48
+ 34
  8f
- 66
- d3
- e3
- 14
- ff
- 30
- a0
- 20
+ 44
+ f3
+ 08
+ 33
+ bf
+ cb
+ da
+ 1e
+ b8
+ 57
+ b7
+ d2
+ 65
+ f4
+ 1f
+ be
+ 3b
+ 10
+ f6
+ aa
+ b1
+ f6
+ 61
+ a9
+ 48
+ d0
+ 6e
+ 1e
+ fd
+ e5
+ 11
+ 70
+ 5e
+ 65
+ 85
+ 80
+ f3
+ 48
+ 34
+ 8f
+ 8a
+ f3
+ 67
+ c0
+ 71
+ 80
+ 9e
+ f3
+ 27
+ 01
+ 6d
+ 58
+ fe
+ 88
+ b5
+ 3d
+ 3e
+ 5b
+ 56
  7c
- bd
- a0
- 06
+ c7
+ 26
+ 0b
+ b8
+ 29
+ 1d
+ 81
+ c7
+ 83
+ 27
  0d
+ 20
+ 01
+ 8f
+ 2f
+ c1
+ c8
+ 5e
+ 7e
+ 57
+ 1f
+ d1
+ 05
+ 20
+ 64
+ 6d
+ 3f
+ 9c
+ 13
+ c2
+ 32
+ 6b
+ 77
  4d
- 40
- 43
- 85
- 66
+ 1b
+ 56
+ 11
+ 28
+ 06
+ 25
+ a0
+ 14
+ cc
+ 05
+ e5
  a0
- 01
- 42
- 2b
  d0
- b0
+ da
+ 7e
+ d4
+ a8
+ f3
+ e8
+ 98
+ 93
+ 34
+ eb
+ 1e
+ 63
+ 0d
+ ef
  20
+ b1
+ 79
+ a0
+ 12
+ 54
+ 81
+ f9
+ a0
+ 1a
+ 44
+ 80
+ 06
+ 0d
+ 0b
+ 81
+ 86
  0a
+ 8b
+ 80
+ 06
+ 08
+ 4b
+ 80
+ 86
+ 05
+ b5
+ a0
+ 19
  34
- 18
+ 82
+ 0a
+ 6b
+ 7b
+ fe
+ 67
+ fa
+ 35
+ 1a
+ 41
+ 9f
+ 41
+ 88
+ 47
+ 35
+ 7a
+ 7c
+ 55
+ 79
+ 74
+ 6d
+ 3e
+ 42
+ f7
+ 16
+ 02
+ be
+ 3c
+ 3c
+ 7a
+ 0d
+ 9f
+ 8f
+ 40
+ 1f
+ 11
+ 7a
+ 34
+ 9b
+ 1e
+ a7
+ f8
+ 47
+ 00
+ 05
+ e1
+ eb
+ 05
+ 35
  68
- 07
- 71
- d0
+ 68
+ 05
+ 1a
+ 2a
+ b4
  01
- 56
+ 0d
+ 10
+ 3a
  80
- 4e
- b0
- 12
- 74
- 81
- 6e
- b0
- 0a
- 6c
- 00
- 1b
+ 86
+ 05
+ 51
+ a0
  c1
- 26
+ 40
+ 17
+ 88
+ 83
+ 6e
  b0
- 19
+ 1c
  f4
  80
- 5e
- d0
- 07
- b6
- 80
- ad
+ 15
  60
- 1d
- 68
+ 25
+ e8
+ 05
+ ab
+ c0
+ 06
  b0
- e6
- 97
+ 11
+ 6c
+ 02
+ 9b
+ 41
+ 1f
+ e8
+ 07
+ 03
+ 60
+ 0b
+ d8
+ 0a
+ d6
+ 81
+ 26
+ 6b
+ 7b
+ e9
+ 92
+ de
+ 72
+ 35
+ 8f
+ cb
+ 70
  2e
- ea
- 2d
- 57
- f3
- b8
- 0c
- e7
- 22
- 7c
+ c2
+ 77
+ 71
+ 84
+ 0a
+ 8d
+ 30
+ 62
+ f1
+ e9
+ f2
+ 7d
+ ba
+ 63
+ 9f
  17
- 47
- a8
- d0
- 08
+ f4
+ e8
+ 20
  23
- 16
- 9f
- 2e
- df
- a7
- 3b
+ 74
+ b3
+ 5e
+ 2b
+ e0
+ dd
+ 3c
+ 4e
  f6
- 79
- 41
+ f8
+ 1a
+ f1
+ a8
+ 19
  8f
- 0e
- 32
- 42
- 37
- eb
- 35
+ 5b
+ f9
+ a4
+ 9f
+ c7
+ 57
+ 95
+ a7
+ 07
+ df
+ 06
+ b6
+ 83
+ 1d
+ 60
+ 10
+ 0c
+ 81
+ 61
+ 30
+ 02
+ 46
+ c1
+ 3e
+ b0
+ 1f
+ ec
  01
- de
- cd
- e3
- 64
+ eb
+ ad
+ 2d
+ 7f
+ 5c
+ cf
+ 27
+ 49
+ d1
+ b3
+ 27
+ c9
+ 3c
  8f
- af
- 11
  8f
- 9a
+ 5e
+ 3f
+ 02
+ d0
+ b3
+ c7
+ 33
+ fb
+ d2
+ 1f
+ 99
+ e2
+ 33
+ c4
+ 8b
+ f0
+ ad
+ ec
  f1
- b8
- 95
- 4f
- fa
- 79
- 7c
+ 6d
+ e6
+ b5
+ 80
  55
- 79
+ c4
+ 4e
+ 72
+ 54
+ 8d
+ c2
+ 09
+ 6e
  7a
- f0
- 6d
- 60
- 3b
- d8
- 01
- fa
- c1
  00
+ 48
+ 3e
+ 87
+ c0
+ 29
+ 70
  18
- 04
- 43
+ 1c
+ 01
+ 63
  60
- 18
- ec
- 03
- fb
- c1
- 1e
- b0
- de
- 9a
- f3
+ 1c
+ 1c
+ 05
  c7
- f4
- 7c
- 92
- 14
- 3d
+ c0
+ 04
+ 38
+ 0e
+ 74
+ 83
+ 93
+ 0c
+ c4
+ ca
+ 40
+ 18
+ e8
+ 49
+ f7
+ 5a
  7b
- 92
- cc
- f3
- f8
  e8
- f5
  23
- 00
- 3d
- 7b
+ b2
+ 4e
+ f3
+ 6b
+ 8d
+ fc
+ f8
+ 31
+ c0
+ ef
+ fa
+ 7c
+ ec
+ f8
  3c
- b3
- 2f
- fd
- 91
- 29
- 3e
+ ae
+ c7
  43
+ fa
+ 15
+ 58
+ 8c
+ 58
  bc
- 08
- df
+ 36
+ 5c
+ c6
+ 9c
+ 3e
  ca
+ f6
+ c9
  1e
- df
+ 3f
  66
- de
- 32
- b0
- 8a
- d8
- 09
- 8e
- aa
- 51
- 38
- ce
- 4d
- 0f
- 00
- c9
- e7
- 10
- 38
- 09
- 46
- c0
- 61
- 30
- 0a
- c6
- c0
- 11
- 70
- 14
- 8c
- 83
- 63
- 40
- 37
- 38
- c1
- 40
- ac
- 14
- 84
- 81
- 9e
- 74
- af
+ d1
+ fb
+ 69
+ 1d
+ 0b
+ 3b
+ ca
+ 41
+ 85
  b5
- 84
- ae
- 93
- 75
- 8a
- 5f
- ab
- e7
- c7
- 8f
- 02
- 7e
  d7
- e7
- 63
- c7
- e7
- 71
- 3d
+ 4d
+ ca
+ 9d
+ 0b
+ 22
+ 60
  1e
+ a8
+ 04
+ 55
+ 60
+ 3e
+ a8
+ 06
+ 4b
+ 41
+ 2d
+ 58
+ 0c
+ 5c
+ 96
+ 2d
+ ea
  d2
- 2f
- c7
- 62
- c4
- e2
- 35
- e3
- 32
- e6
- f4
- 51
- b6
- 4f
- f6
- f8
- 31
- 8b
- de
- 47
- eb
- 38
- ab
  b5
- 0c
- 94
- 5b
- 4b
- cd
- 84
- dc
- 39
- 20
- 02
- e6
- 82
- 0a
- 50
- 09
- e6
- 81
- 2a
- b0
+ 0b
+ 01
+ 03
+ 98
+ e4
+ 76
+ ac
+ 05
+ a0
+ c0
+ da
+ eb
+ bf
+ a7
+ a3
+ 85
+ a0
+ 08
  14
- 54
  83
- c5
- c0
- 65
- d9
- a2
- 76
- 5d
- bb
- 00
- 30
- 80
- 49
- 6e
+ 12
+ eb
+ 38
+ 32
+ 2f
+ 64
+ 1d
  c7
- 9a
- 0f
- 0a
- ac
+ 3f
+ ab
+ a3
  a5
+ 80
+ 4a
  f6
- 69
- 1d
- 9d
- 05
- 0a
- 41
+ e7
+ 03
+ 86
+ a0
  11
- 28
- b6
- d6
- c3
- 73
- 43
- d6
- 7a
- ec
+ 3d
  2e
+ 83
+ 24
+ 1f
  1d
- 2d
+ f8
+ 7d
+ 9c
+ 52
+ 07
+ ea
+ 41
+ 03
+ 68
+ b4
+ 8e
+ f7
+ 2c
+ 77
+ 77
+ 99
+ 79
+ 5b
+ 77
+ 69
  01
- 54
- b2
- 3f
+ 4b
+ ac
+ e3
+ 4c
+ 9d
+ 5c
+ 06
+ a8
+ 49
+ 35
  0f
- 30
- 04
- 8d
- e8
- 71
+ 7c
+ 35
+ 7b
+ fb
  19
- 24
- f9
- e8
- c0
- ef
- e1
- 94
- 1a
- 50
- 0b
+ a0
  ea
  40
- bd
- b5
- fe
- e5
- 0a
- 77
- 97
- e9
- 77
- 75
- 97
- 65
- 60
- 89
- b5
- 9e
- ae
- 91
- cb
- 00
- 35
- a9
- e6
- 81
- af
- 66
- 6f
- 3f
- 03
- 54
- 1d
- 68
- b2
- d6
  ab
- de
- 94
  75
- 0a
- 9c
- 06
- 67
- c0
+ 5c
+ f3
+ 3b
  59
- b0
- 1c
- 34
- 83
+ a7
+ c1
+ 19
+ 70
  16
- d0
- 0a
- da
+ 9c
+ 03
+ cb
  40
- d4
- 5a
- ff
- e7
- a8
- fb
- b5
- 8f
- 3f
- a6
- 6b
- 63
- a0
- dd
- 5a
- 3f
- 71
- 93
- 8b
- fd
- 6d
- a5
- 62
- 71
- 6b
- bd
- e1
- 21
- 59
+ 1b
+ 68
+ 07
  1d
- 60
- 85
- b5
- 7e
- b6
- 5f
- 6e
- a7
- b5
- de
- 77
- 8d
- 2c
- c6
- d3
+ a0
+ 13
+ 44
  ad
- 5d
- d6
- 7a
+ e3
  7f
- af
- dc
- 6e
- 6b
- fd
- de
- c7
- 64
- ad
- 02
- 8c
- a2
- 5b
- d7
- 80
- b5
- 60
- 1d
- 58
- 0f
- 36
- 80
  8d
- 60
- 13
+ b9
+ 5f
+ fb
+ d0
+ e3
+ ba
+ 36
+ 06
+ ba
+ ac
+ e3
+ c3
+ b7
+ ba
  d8
- 0c
- 54
- 24
- bd
- d6
- fa
- dc
- d7
- dd
- 13
- fc
- f8
- 66
- 87
- e0
- 4e
- 87
- 17
- 47
- 1c
- 7e
- 5e
- 19
- b2
- b6
- 77
- ea
- 1c
- de
- 7b
- 21
- 64
- d1
- 59
+ df
+ 55
+ 29
+ 16
  b7
- 3a
- cc
- de
- eb
- 10
- fe
- 83
- 43
- c5
- 37
- f5
- 93
- 7d
- 60
- 8b
- 45
- 2b
+ 8e
+ 9b
  1f
- 71
- b1
- 05
- 5d
- 8a
- 6d
- b5
- 68
- fd
- 4c
- 95
- 6d
- 03
- db
- 2d
- da
- 38
- 26
- 77
- 87
- 45
- 97
- 2d
- 97
+ 92
  d5
- 6f
- d1
+ 0d
  96
- 73
- b2
+ 5b
+ c7
+ 27
  06
- 2c
- da
- 16
- 97
- 35
- 08
- 86
- 2c
- 1a
- 7d
+ e5
+ f6
+ 58
+ c7
+ fd
+ d7
+ ca
+ 62
+ 3c
+ dd
+ b1
+ d2
+ 3a
+ 3e
+ df
+ 2f
+ b7
+ d7
+ 3a
+ be
+ 75
+ 83
+ ac
  55
- ee
+ 80
+ 51
+ 74
+ c7
+ 1a
  b0
- 45
+ 16
+ ac
+ 03
+ eb
+ c1
+ 06
+ b0
+ 11
+ 6c
+ 02
+ 9b
+ 81
+ 8a
+ a4
+ df
+ 3a
+ 9e
+ f9
+ b2
+ 7b
+ 82
+ 1f
+ df
+ e6
+ 10
+ dc
+ e3
+ f0
+ c2
+ 61
+ 87
+ 9f
+ 55
+ 85
+ ac
+ f3
+ ad
+ 06
+ 87
  77
- 5d
- 92
- e5
+ 9e
+ 0b
  59
+ b4
+ f0
+ 0e
+ 87
+ 39
+ 7b
+ 1d
+ c2
+ 7f
  74
- cf
- 8c
- b8
- 76
- 5a
- 74
- 5f
- 54
- d6
+ a8
+ fc
+ aa
+ 7e
+ 72
+ 00
+ 6c
+ b1
+ 68
+ d5
+ 23
  2e
+ b6
+ 70
+ a5
+ 62
+ 5b
+ 2d
+ da
+ 38
+ 5b
+ 65
+ db
+ c0
+ 76
  8b
- ee
- ff
- ad
- ac
+ 36
+ 8f
+ cb
  dd
- 16
- fd
- c0
- b5
- b2
- f6
- 58
- f4
- af
- 67
- 8a
- 64
- 2f
- d8
- 67
+ 61
  d1
- 0f
- bf
- 21
- 77
- bf
- 45
- 6f
- af
  96
- 75
- 00
- 1c
- 04
- 87
- c0
- 88
+ 65
+ b2
+ 06
+ 2d
+ da
+ 7e
+ 5e
+ d6
+ 90
  45
- bf
- f8
+ 3b
+ e3
+ b2
+ 86
+ c1
+ 88
  45
+ a3
+ af
+ ca
  1d
+ b5
+ e8
+ ae
+ cb
+ b2
+ 3c
+ 8b
+ ee
+ 99
+ 15
+ d7
+ 4e
+ 8b
+ ee
+ 8b
+ ca
+ da
+ 65
+ d1
+ fd
+ bf
+ 96
+ b5
+ db
+ a2
+ ef
+ bb
+ 51
+ d6
+ 1e
+ 8b
+ fe
+ f5
+ 6c
+ 91
+ ec
+ 05
+ fb
+ 2c
+ fa
+ fe
+ d7
+ e5
+ ee
+ b7
+ e8
+ 5d
+ b5
+ b2
+ 0e
+ 80
+ 83
+ e0
+ 10
  38
- 0c
+ 6c
+ d1
+ cf
+ 7c
  46
- c1
- 18
- 38
- 02
+ 07
+ 8e
+ 80
+ 31
+ 30
+ 0e
  8e
  82
- 71
- 70
- 0c
+ 63
+ 60
+ 02
  1c
  07
- 4a
- ab
- 93
- 16
- ab
- 6b
- e3
- b2
- 54
- 01
+ 27
+ 80
+ d2
+ ea
+ 94
+ c5
+ 1a
+ 3a
+ b9
+ 2c
+ 55
+ 00
+ 10
+ 66
+ 0a
+ 61
+ a6
+ 10
+ 66
+ aa
+ 04
+ 20
+ c7
+ d4
+ 1c
  40
- 98
+ 0e
+ a6
+ 48
+ 83
+ 94
+ 59
+ f4
+ e1
+ 67
+ 75
+ 19
  29
- 84
  99
- 42
- 98
- a9
- 62
- 80
- 1c
- 53
- b3
- 01
- 39
- 98
  22
- 0d
+ 71
  52
- 66
- d1
- af
- 3c
- af
- cb
- 48
- c9
- 14
- 89
- 93
- 2a
- 07
- 74
- a4
- 1e
- 3a
- 8d
- a8
- 1f
- e4
- 5b
- c5
- 93
- ea
- 98
- 38
- 8a
- 90
+ 15
+ 80
+ 8e
+ d4
+ 43
+ a7
+ 11
+ f5
+ 83
+ 7c
  ab
+ 78
+ 52
+ 1d
+ 13
+ 47
  11
- 9e
- 25
- 45
- 0a
- a5
+ 72
+ 35
+ c2
+ b3
+ a4
  48
  a1
  14
- 09
- 96
+ 29
+ 94
  22
- 3f
+ c1
  52
  e4
- 4c
- 6a
+ 47
+ 8a
+ 9c
+ 49
+ d5
+ 80
+ 45
+ 80
+ 8c
+ 4a
+ 2d
+ 01
+ 64
+ 59
+ 8a
+ 2c
+ 4b
  21
- 58
- 04
- c8
- a8
- d4
- 12
- 40
- 96
- a5
- c8
- b2
+ f9
  14
  92
  4f
  21
  f9
  14
- 92
- 4f
- a1
- c4
- 54
- 14
- a0
- ce
- 54
- a5
+ 4a
+ 4c
  45
- bf
- 51
- aa
- a7
- aa
- 07
- 8d
- 80
- 34
- 48
- 35
  01
- a4
- 9c
- 52
- 03
- 50
- 06
- f8
- 64
- f2
- f5
- 68
  ea
- 44
+ 4c
+ 55
+ 59
  f4
- e0
- f3
- 81
- ba
- ed
- 3e
- 8b
- 3e
- f7
- 41
- dd
- 0a
+ 2b
  65
- a7
- da
- 01
- 93
- 44
+ 7a
+ aa
+ 46
+ d0
+ 0c
+ 48
+ 83
+ 54
+ 2b
+ 40
+ ca
  29
- a4
- 9c
- 62
- 6a
+ 35
+ 00
+ e5
+ 80
+ 4f
+ 26
+ 5f
+ 8f
+ a6
+ 4e
+ 44
+ 0f
+ be
+ 00
+ a8
+ db
+ 1e
+ b0
+ e8
+ 33
+ d7
+ e9
+ 56
  28
+ 3b
  d5
- 09
- 34
- 21
- d4
  05
- 34
- 0d
- 84
- 6c
+ 98
+ 24
+ 4a
+ 21
+ e5
+ 14
  53
- 9a
- fc
- 41
- b6
- 29
+ 43
+ a9
+ 1e
+ a0
+ 09
+ a1
+ 95
+ 40
+ d3
+ 40
+ c8
+ 36
+ a5
+ c9
+ 1f
  64
  9b
  42
@@ -10876245,1024 +10875357,1026 @@
  9b
  42
  b6
+ 29
+ 64
+ 9b
+ ea
+ 07
+ e8
+ 2f
+ a5
+ 09
+ 9c
+ 56
+ b0
+ 0c
+ 90
+ 79
  a9
- 5e
- 80
- fe
- 52
- 9a
- c0
- 69
- 02
- cb
- 01
- 99
- 97
+ 1d
+ a0
+ c3
+ a2
+ df
+ 98
+ a7
+ 07
  da
- 01
- 5a
- 2d
- fa
- 9d
- b9
+ 0a
+ 34
+ a9
+ 43
+ 4e
+ fb
+ 34
+ d7
+ 5e
+ 2f
+ 16
+ f3
+ 89
+ 1e
+ 13
+ 1a
+ 1e
+ ed
+ 86
+ c7
+ 0b
  7a
- a0
- ad
- 40
+ d4
+ 82
+ cf
+ 04
  93
+ c7
+ 80
+ dc
+ 67
+ 4a
+ cf
+ 8f
+ 03
  3a
- e4
- b4
- 4f
- 73
- ed
- 75
- 63
- 31
+ 5c
+ 8f
+ d6
+ db
+ a7
+ 9b
+ f5
+ ea
+ b9
  9f
+ 0a
+ cc
+ e9
+ f9
+ 47
+ 88
+ b5
  e8
- 31
- a1
- e1
- d1
+ 26
+ 15
+ e2
+ 10
+ 40
+ cf
+ a9
+ 11
+ 30
+ 0a
+ 3c
+ b0
+ 13
+ 38
+ ed
+ fe
+ 8c
+ 14
+ ca
  6e
+ 73
  78
- bc
- a0
- 47
- 2d
+ d1
+ 73
  f8
- 4c
- 30
- 79
- 0c
- c8
- 7d
- a6
- f4
- fc
- 38
- a0
- c3
- f5
- 68
- bd
- 7d
- ba
- 59
- af
- 96
- fb
- a9
- c0
- 9c
- 9e
- 7f
- 84
- 58
- 0b
- 3f
- a9
- 42
- 1c
- 00
- e8
+ f9
+ 5d
+ 0e
  39
- 35
- 04
- 86
- 81
- 07
- 76
- 02
- a7
- dd
- 9f
- 93
- 42
- d9
- 6d
+ f7
+ 1d
+ 1b
+ fd
+ c5
+ 8d
  0e
- bf
+ 2f
+ dd
+ ee
  f0
+ cb
+ 87
  1c
  7e
- 79
- bb
- 43
- ce
- 7d
- c7
- 46
- 7f
- 75
- ad
+ f5
+ 96
  c3
- 4b
- b7
- 38
+ cb
+ cf
+ 3a
  fc
  fa
- 21
+ 65
  87
  df
- bc
- e3
- f0
- f2
- f3
- 0e
- bf
- 7d
- d9
+ 7c
+ cb
  e1
- 77
- df
- 73
- 78
- 75
- be
- c3
- 6b
+ d5
+ 05
+ 0e
+ af
+ a9
+ 81
+ 4a
+ ed
+ 06
+ 7b
+ 00
+ 92
+ 4f
+ ed
+ 03
  6a
- a0
- 52
- bb
- c1
- 1e
- 80
- e4
- 53
- fb
- 80
- 5a
- 29
- 84
- 9e
- 42
- e8
- 29
- 84
- 9e
- 72
- 42
+ a5
+ 10
+ 7a
+ 0a
+ a1
+ a7
+ 10
+ 7a
+ ca
+ 09
+ fd
+ b7
+ 1b
+ dd
+ 65
+ f9
  7f
- 7d
- a3
- bb
+ d3
+ 65
+ 47
  2c
- ff
- af
- ba
- ec
- b0
- 45
- af
- 8c
- cb
- 1a
- b5
- 98
- 29
- fd
- 52
- e8
- 3e
+ 7a
  75
- c4
- 62
- b3
- 94
  42
+ d6
+ 98
+ c5
+ 4c
+ e9
+ 97
+ 42
+ f7
  a9
  a3
  16
  2b
- fc
- 93
- ac
- 71
- 8b
- 95
- 74
- cb
- 3a
- 66
- 31
- 0d
- 37
- 67
+ 54
+ 0a
  a5
  8e
- 5b
- ac
- f4
- 5b
- b2
- 4e
- 58
+ 59
  ac
- ec
- f7
+ e8
+ cf
  b2
- 5c
- 56
- 54
- be
  26
+ 2c
+ 56
+ da
+ 2b
  eb
- 94
+ b8
  c5
- 16
- 3e
- 2e
- eb
+ 34
+ dc
+ 2c
+ 4c
+ 9d
+ b0
+ 58
+ d9
+ d7
+ 64
+ 9d
  b4
+ 58
+ f9
+ ef
+ 65
+ b9
+ ac
+ a8
+ 7a
+ 4d
+ d6
+ 69
+ 8b
+ d5
+ 3c
+ 21
+ eb
+ 8c
  c5
  16
  ff
  8d
  ac
- 33
+ b3
  16
  5b
  b2
  47
  d6
- 59
+ 39
  8b
  c5
- 6e
- 53
+ ee
+ 54
  59
  85
  2c
  d6
- fe
- 3e
+ f5
+ 2e
  59
  66
  b1
- 8e
- 65
- b2
- 0a
- 2c
- d6
- 79
- c2
- 1d
- 58
- 7b
- d8
- 61
- e3
- 26
- 87
- de
- 06
- 87
- 2d
- 57
- 3b
+ ee
+ 16
+ 59
+ 05
+ 16
+ eb
+ 39
+ e9
+ 0e
+ ac
+ 3d
+ e2
+ b0
+ 71
+ 93
+ 43
+ 7f
+ 93
+ c3
+ 96
+ f7
+ 3a
  ec
  20
  36
- 44
+ 42
  cc
  fb
- 8c
+ b8
  4e
- 9e
- 05
- 0a
- 2d
- b6
- eb
- 67
- 72
- 8b
- 2c
- f6
- e1
- d7
- 64
- 15
- 5b
- ec
- c2
- 35
+ 2e
+ 04
+ 45
+ 16
+ db
+ f5
+ 53
+ b9
+ c5
+ 16
+ 7b
+ ff
+ 6b
  b2
  4a
- c0
- 6c
+ 2c
+ 76
+ f1
+ 5a
+ 59
+ a5
+ 60
+ 0e
+ 28
+ 03
+ 61
  50
- 0a
- c2
- a0
- 0c
- 94
+ 0e
+ 2a
+ c0
+ 5c
+ 30
+ 0f
+ 54
+ 82
+ 2a
+ 30
+ df
+ 62
+ df
+ bc
+ 41
+ d7
+ 56
  83
- 39
- 60
- 2e
- a8
- 00
- 95
- 60
- 9e
- c5
- be
- fb
- 31
- 5d
- 5b
- 05
- 22
- 60
- 3e
+ 08
  58
  00
  16
  82
- 45
- 60
- 31
- 58
- 02
- 96
- 82
- 6a
- 50
- 03
- 24
- 8b
- 3a
- 10
- 05
- cb
+ 1a
+ b0
+ 08
  2c
- 76
- 5f
- 5e
- f7
- 23
- c5
- 93
- ca
- 94
- ed
- b8
- 71
- 10
- b3
- d8
- e5
- f9
- 3a
- da
- 0e
- ba
- 41
- 87
- c5
- 1e
- 68
+ 06
+ 4b
+ c0
+ 52
  50
- 6c
- 05
- 58
- 03
- 56
+ 0b
+ ea
+ 80
+ 64
+ d1
+ 00
+ a2
+ a0
+ c5
+ 62
+ f7
+ e7
+ 75
+ 3f
+ 52
+ 3c
+ a9
+ 4c
+ d9
+ 8e
+ 1b
+ 07
+ 31
+ 8b
+ 5d
  59
+ a0
+ a3
+ 5d
+ a0
+ 17
+ 74
+ 5b
  ec
- cb
- d7
- 2a
- b6
- 1a
- 6c
- 02
- 6b
- 2d
- f6
- e0
+ 81
+ 26
+ c5
+ 96
  83
- 8a
- ad
- 03
- 9a
- db
- dc
- 6c
- b1
- af
- cc
- dc
- af
- 07
- 48
- f2
- 7d
- 16
- 7b
- 78
+ 35
+ 60
  95
+ c5
+ be
+ 78
+ a3
  62
- fa
- dc
- df
- 8f
- d5
- 0f
- b6
- 5b
- ec
  ab
- 11
- 1d
- d0
- dc
- e6
- 20
- d0
- ec
- e5
- 30
- d0
- 9c
- e5
- 4e
+ c1
+ 26
+ b0
+ d6
+ 62
+ 0f
+ 3e
+ a8
+ d8
+ 3a
  a0
- 99
- ca
- dd
- 40
- f3
- 93
+ b9
+ cd
+ cd
+ 16
  7b
- 01
- b3
+ 78
+ f6
+ 7e
+ 7d
+ 40
  92
+ 1f
+ b0
+ d8
+ 3f
+ ae
+ 52
+ 4c
  9f
- d4
- ad
- 98
+ fb
+ fb
+ b1
+ 06
+ c1
+ 76
  8b
- fc
- e4
- 41
- 70
- 08
- 8c
- 80
- a3
- 60
- c0
- dd
- fe
- 23
- ba
+ 7d
+ 29
+ a2
+ 03
+ 9a
+ db
+ 1c
+ 06
+ 9a
  bd
- 3e
- c6
- 98
- c6
- f5
- 96
- 93
- 3d
- cc
- d3
- 44
- 18
- 73
- fa
- 4c
- 83
- 7b
- cc
- 9f
- 7a
- fa
- 64
- d2
- 17
- 14
- 0d
- 9e
- 47
- be
- 79
+ 1c
+ 05
+ 9a
+ b3
+ dc
+ 09
+ 34
+ 53
+ b9
+ 1b
+ 68
+ 7e
  72
- 4f
- 73
- 83
- 63
+ 2f
+ 60
+ 56
+ f2
+ 26
+ dd
+ 8a
+ b9
+ c8
+ 9b
+ 0e
+ 82
+ 43
  e0
+ 30
  38
- 93
- 9e
- ba
- 9f
- d3
+ 06
+ 86
+ dc
+ ed
+ 3f
+ a0
+ db
+ eb
+ 63
+ 8c
+ 69
+ 5c
+ 6f
+ 19
+ d9
+ c3
+ 3c
+ 4d
+ 84
+ 31
+ a7
+ cf
+ 34
+ b8
+ c7
+ fc
+ a9
+ a7
+ 4f
+ 26
+ 7d
+ 41
+ d1
+ e0
+ 79
  e4
+ 9b
+ 27
+ f7
+ 0c
  37
- 46
- 64
- f1
- dd
- 94
- 54
- 09
- 9d
- 04
- a7
- 80
- ae
  38
- 63
- ed
- 2d
- f7
- 71
- 4a
- a6
- 00
- 20
- 95
- 4c
- 21
- 28
- 02
- c5
- 00
- 1d
- 64
- 90
- 45
- c6
+ 0e
+ 4e
+ 30
  e9
- ef
  a9
+ fb
+ 39
+ 4d
+ 7e
+ e5
+ b0
+ 2c
+ be
  9b
- 75
- 32
- 7a
- c9
- 20
- 8b
- 0c
- d5
- 98
- 09
- 5b
- ec
- c5
- 0a
- 1d
- 40
- 2f
- 19
- a4
  92
- 41
  2a
- 19
+ a1
+ 53
+ e0
+ 34
+ d0
+ 15
+ 67
+ ad
+ ab
+ fd
+ 7e
+ 4e
+ c9
+ 14
+ 00
  a4
  92
- 99
+ 29
+ 02
+ c5
+ a0
+ 04
+ a0
+ 83
+ 0c
+ b2
+ c8
+ 38
+ fd
+ 7d
+ f7
+ 36
+ 9d
+ 8c
+ 5e
+ 32
+ c8
+ 22
+ 43
+ 35
+ 66
+ c2
+ 16
+ 7b
+ a1
+ 52
  07
- 50
- 49
- 06
- 95
- 64
- 50
- 49
+ d0
+ 4b
  06
- 95
+ a9
  64
- 50
- 49
+ 90
+ 4a
  06
- 95
+ a9
  64
- 50
- 49
+ e6
+ 03
+ 54
+ 92
+ 41
+ 25
+ 19
+ 54
+ 92
+ 41
+ 25
+ 19
+ 54
+ 92
+ 41
+ 25
+ 19
+ 54
+ 92
+ 41
+ 25
+ 19
+ 54
+ 92
+ 41
+ 25
+ 99
+ 3a
+ 8b
+ bd
+ f1
+ 7f
+ 74
+ d3
+ 46
+ d0
+ 04
+ 9a
+ 41
+ 0b
+ a0
+ 21
+ cb
+ 74
+ 80
  06
- 95
- 64
- 50
+ 8b
+ bd
+ 34
+ aa
+ f3
+ 68
+ d7
+ 32
+ 34
+ c3
  49
- 06
- 95
+ 4d
+ fc
+ ae
+ 04
+ 48
+ 25
+ 43
+ cd
  64
- 6a
- 2c
- f6
- d6
- 3f
- e8
- a6
- f5
+ a8
+ cb
+ 4c
+ a7
+ c5
+ 5e
+ 4f
+ eb
+ e4
+ 15
  a0
- 01
- 34
- 82
+ 07
+ ac
+ 02
+ e8
+ 25
+ 43
+ 09
  65
- 80
- 86
- 2c
- d3
- 0a
- ea
- 2c
- f6
- d2
- b0
- ce
- a3
- 5d
- cb
- d0
+ 98
+ 4c
+ cf
+ 20
+ 95
  0c
- 27
- 35
- f1
- db
- 05
- 90
- 4a
- 86
- 9a
- c9
- 50
- 97
+ 53
+ e8
  99
- 36
- 8b
- bd
- 91
- d6
- c9
- 2b
- 41
- 27
- 58
- 05
- d0
- 4b
- 86
- 12
+ 0d
+ 80
+ 89
+ f3
+ 0c
+ 6a
  ca
  30
- 99
+ 5d
  9e
  41
- 2a
- 19
- a6
- d0
- 33
- 1b
- 00
- 13
- e7
+ 34
  19
- d4
+ 84
  94
- 61
+ 19
+ 00
+ b4
+ ac
+ 99
+ ad
+ 00
+ 21
+ 65
+ 90
+ 6d
+ 06
+ a9
+ 64
+ 50
+ 76
+ 26
+ 06
  ba
- 3c
+ 2c
+ f6
+ 67
+ 09
+ 33
  83
- 68
+ 9e
+ 33
+ 4e
+ bb
+ ef
+ a8
+ 8e
  32
- 08
- 29
- d3
- 07
  68
+ 37
+ 83
+ a4
+ 32
+ 48
+ 2a
+ 83
+ a4
+ 32
+ 48
+ 2a
+ 73
+ 12
+ 0c
  59
- 33
- 5b
- 01
- 42
- ca
+ 57
+ e9
+ 97
+ 75
+ 1e
+ 0a
+ cb
  20
- db
- 0c
- 52
- c9
- a0
- ec
- 4c
+ ae
  0c
- b4
- 5b
- ec
- 4f
- 12
- 66
- 06
- 3d
- 67
- 9c
- 76
- df
- 53
- 1d
- 65
- d0
- 6e
- 06
- 49
- 65
- 90
- 54
- 06
- 49
- 65
- 90
- 54
- e6
- 04
- 18
- b0
- f6
- 92
- af
- eb
- 3c
- 14
- 96
- 41
- 5c
- 19
- c4
- 95
- 41
- 5c
- 19
- 4d
- 79
- 23
+ e2
+ ca
+ 20
  ae
  8c
- de
- 17
- 71
- 65
- 10
+ a6
+ bc
+ 11
  57
- 06
- 71
- 65
- 0e
- 83
- 51
- 30
- 06
- 8e
- 00
- 04
- 97
- 19
- 07
- 48
- 25
- c3
- 6c
- a3
- cf
- e4
- 7c
- 06
- 45
- 64
- ce
- 80
- 93
- d6
- 3e
+ 46
  ef
- 0e
- fd
- e4
- 69
- 6b
- 5f
- b9
+ 8b
+ b8
+ 32
  88
- 99
- e8
+ 2b
+ 83
+ b8
+ 32
+ 47
+ c0
+ 18
+ 18
+ 07
+ 47
+ 01
+ 82
+ cb
+ 4c
+ 00
+ a4
+ 92
+ 61
+ b6
  d1
- 62
- 20
+ 67
+ 72
+ 3e
+ 83
+ 22
+ 32
+ 67
+ c1
+ 29
+ eb
+ 9a
+ 7f
+ b7
+ 7e
+ f2
+ 8c
+ 75
+ ad
+ 58
+ c4
+ 4c
+ f4
+ 58
  09
- 9c
- b5
- f6
- ba
- bf
- 53
- ac
+ 90
  04
+ ce
+ 59
+ 57
+ c3
+ ff
+ 56
+ ac
+ 14
  cc
- 06
- 45
+ 01
+ c5
  40
  31
  b3
  f8
- 35
+ b5
  67
- 64
+ 65
  15
  58
- 7b
- 7f
- 5f
+ d7
+ e0
+ 40
  c8
- da
- 07
+ ba
+ 86
  52
  72
- 67
- 81
- 42
- 6b
- ff
- e1
- d5
+ 0b
+ 41
+ 91
+ 75
+ fd
+ f0
+ bd
  72
  ab
- 40
+ 41
  c4
- da
- df
- f8
- be
+ ba
+ 5e
+ ff
+ b6
  dc
  45
  20
  6c
- ed
+ 5d
  df
- 7f
- 4f
+ 7e
+ 47
  ee
- 7c
+ 02
  b0
- 00
+ 10
  cc
- 03
- 65
+ 07
+ e5
  a0
- 1c
+ 02
  cc
- b1
- f6
+ b5
+ ae
  9f
- fc
- 40
+ 7c
+ 5f
  a7
  cc
- 05
- 15
+ 03
+ 95
  d6
- fe
- d3
- cf
- ca
- 65
- 56
- d7
+ f5
+ fc
+ 27
+ e4
+ 32
+ ab
  eb
- c7
- 5a
- 06
- 16
- 5b
- fb
- 6b
- 73
- 75
- a0
- 01
- 34
- 02
- 3e
- e3
- 93
- 07
- b1
- 96
+ 0d
+ 62
+ b5
  80
- a5
- a0
- da
+ c5
+ d6
+ f5
  da
- df
- fe
- 33
- 9d
- 57
- 03
- 6a
- ad
- fd
- dd
- d5
- 72
- eb
- c0
- 72
- d0
- 0c
- 5a
- 40
- 2b
+ 3c
+ 1d
  68
- 03
- ed
- 20
- 0a
- 62
- 20
- 6e
- f1
- e6
- 7f
- d1
- 65
- 2b
+ 02
+ cd
+ 80
+ cf
+ f8
+ e4
  41
- 93
- c5
- 2b
- df
- 92
- db
- c1
- 53
- a9
- 5b
- 64
- 62
- c6
- 67
- 34
- e6
- 31
- 0e
- f5
+ ac
+ 25
+ 60
+ 29
+ a8
  b5
- 14
+ ae
+ 37
+ ff
+ 42
+ e7
+ d5
+ 81
+ 7a
+ eb
+ 7a
+ 7b
+ b5
+ dc
+ 06
  b0
+ 0c
+ b4
+ 81
+ 76
+ d0
  01
+ 3a
+ 41
+ 17
+ 88
+ 82
+ 18
+ 88
+ 5b
+ bc
+ ed
+ 5f
+ 75
+ d9
+ 0a
+ d0
+ 6a
+ f1
+ aa
+ 37
+ e4
+ 76
+ f3
+ 54
+ ea
+ 16
+ 99
+ 98
+ f1
+ 19
+ 8d
+ 79
+ 8c
+ 43
+ 7d
+ 2d
+ 05
  6c
- 04
- 9b
+ 00
+ 1b
  c1
- 26
+ 66
  b0
- 0d
+ 09
  6c
- 01
- 5d
- 16
- af
- fd
- 9c
- ee
- d2
  03
- 7a
- c1
- 7a
- d0
- 0d
- 56
- 81
- d5
- 16
- ef
- 18
- d1
+ 5b
+ c0
+ 4a
+ 8b
+ d7
+ 7f
+ 52
+ 77
+ e9
+ 03
+ fd
+ 60
+ 3d
+ e8
+ 05
+ ab
+ c0
+ 6a
+ 8b
+ 77
+ 1f
+ d6
  29
  6b
  c0
  5a
  8b
- 77
- ce
- bc
+ f7
+ cc
+ be
  34
  43
  78
  ff
- 24
+ 14
  33
  ef
  db
@@ -10877272,10 +10876386,10 @@
  40
  25
  34
- 00
- 06
+ 04
+ 86
  c1
- 10
+ 08
  d8
  03
  76
@@ -10877283,10 +10876397,10 @@
  ad
  16
  1f
- ca
+ c9
  eb
  06
- c3
+ a3
  5c
  ab
  86
@@ -10877306,1852 +10876420,1853 @@
  71
  6a
  3d
- 65
- 04
- 68
- 15
- 65
- 14
- 68
- ed
- e4
- 08
+ e5
+ 30
  d0
- 8a
- c9
- 38
+ 2a
+ ca
+ 18
  d0
- 3a
+ da
  c9
- 71
+ 51
  a0
- d7
- df
- 6d
- f1
- c3
- 77
- eb
- d7
- 34
- a6
- 63
+ 15
+ 93
+ 09
+ a0
+ 75
  92
- c3
- d3
- 98
  13
- d7
- 63
- 78
- e3
- eb
- 21
- 59
- 22
- 19
- 3d
- cb
- 72
- 88
- d6
- 44
- 0c
- 14
- 00
+ 40
+ af
+ bf
+ db
+ e2
+ 47
+ ee
+ d5
+ af
+ 69
+ 4c
+ c7
  24
- 95
- 2b
- 04
- e8
- 2f
  87
+ a7
+ 31
+ 27
+ ae
+ c7
+ f0
+ c6
+ d7
+ 43
+ b2
  44
- 73
- 68
  32
- 87
- 26
- 73
- a5
- 20
- 0c
- 90
- 4f
+ 76
+ 8e
+ e5
+ 10
+ ad
+ 89
+ 18
+ 28
+ 00
+ 48
+ 2a
+ 57
+ 04
+ d0
+ 5f
  0e
- f9
- e4
+ 89
  e6
- 00
- 49
- ea
- b4
- c5
- df
- 77
- 83
- ee
- 87
- 90
- 72
- 15
+ d0
+ 64
+ 0e
+ 4d
+ e6
+ ca
  40
- 1a
- e2
- f3
+ 18
+ 20
+ 9f
+ 1c
+ f2
+ c9
  cd
- db
- 68
- f1
- a7
- 5f
- d4
- c4
- 07
- cb
- 53
- 3e
- 53
+ 05
+ 92
  d4
- 7e
- 25
- a7
- 44
- 00
- ea
- cc
- 2d
- 06
- 48
+ 19
+ 8b
+ bf
+ eb
+ 66
+ dd
+ 0f
+ 21
+ e5
+ 2a
+ 81
  34
+ c4
+ e7
+ 9b
  b7
- 10
- 20
- e0
- 1c
- d2
- cb
- 21
- b8
- 5c
- 95
- c5
- af
+ d1
+ e2
+ df
  7b
- 5c
+ 41
+ 13
+ 1f
+ 2c
+ 4f
+ f9
+ 4c
+ 51
+ fb
+ 55
+ 9c
+ 12
+ 01
+ a8
+ 33
  b7
- 47
- 6b
+ 18
+ 20
+ d1
+ 5c
+ 0d
+ 40
+ c0
  39
- c4
- 95
- ab
- 05
- e8
- 2a
- 27
- 25
- 4a
- 07
- 7a
- 73
- 96
- de
- 7c
  a4
- 12
- a1
- 60
- 73
- 4d
- 00
- e9
+ 97
+ 43
+ 70
+ b9
+ 6a
+ 8b
+ 7f
+ e4
+ 09
+ dd
+ 1e
+ ad
  e5
  10
- 5c
+ 57
  ae
- d1
- e2
- d7
- ff
- a7
- 6e
- 85
- 12
- 73
- ea
- 1b
- e9
- 08
- 22
- 54
- 40
- 0e
- 11
- e6
- 10
- 61
- 0e
- e9
- e5
- da
- 2c
- 7e
- 77
- 8f
- 4e
- 46
- a2
- b9
- 38
- e8
- 00
- 2b
- 40
- 27
- 58
- 0b
- d0
- 50
- 0e
- 0d
- e5
- a8
- a3
- 9c
- d3
- da
- 83
- 69
- 5d
- b6
- 1a
+ 1e
  a0
- a6
- 1c
- 1a
- 4a
- 0a
- 48
- 34
- 87
- f4
- 72
+ ab
+ 9c
+ 94
  28
- 36
- 27
- 17
- b1
- e6
- 90
- 6d
- 0e
+ 1d
+ e8
+ cd
+ 59
+ 7a
+ f3
+ 91
+ 4a
+ 84
+ 82
+ cd
+ b5
+ 02
+ a4
+ 97
+ 43
+ 70
+ b9
+ 66
+ 8b
+ 7f
+ ec
+ bf
  75
- e6
- 50
- 67
- ae
- 0f
- a0
- dd
- dc
- 56
- 80
+ 2b
  94
- 73
+ 98
+ 53
+ df
  48
- 2f
- 87
- f4
+ 47
+ 10
+ a1
+ 02
  72
+ 88
+ 30
+ 87
+ 08
+ 73
  48
  2f
- 87
- f4
- 72
- d4
- 6a
+ d7
+ 69
+ f1
+ 7b
+ fb
+ 74
+ 32
+ 12
+ cd
+ c5
+ 41
+ 37
+ 58
  0e
- e9
- e5
+ 7a
+ c0
+ 5a
+ 80
  86
- 81
- 07
- 76
- 02
- 44
- 98
- db
- 0d
- d0
- 64
- 0e
- c1
+ 72
+ 68
+ 28
+ 47
+ 1d
  e5
- 10
- 5c
- 4e
+ 9c
+ d6
+ 1e
+ 4c
+ eb
+ b2
+ d5
+ 00
+ 35
  e5
+ d0
+ 50
+ 52
+ 40
  a2
- f7
- 45
- 70
  39
- 04
+ a4
  97
  43
- 70
+ b1
  39
- 04
+ b9
+ 88
+ 35
+ 87
+ 6c
+ 73
+ a8
+ 33
+ 87
+ 3a
+ 73
+ 03
+ 00
+ ed
+ e6
+ b6
+ 02
+ a4
+ 9c
+ 43
+ 7a
+ 39
+ a4
  97
  43
- 70
- b9
- 31
- d6
- bc
- d0
- 69
- ee
- 84
- c5
- 7f
- ba
- 38
- 64
- f1
- 5f
- be
- e7
- f0
- ca
- 29
- bd
- d6
- 38
- 47
- 25
- 86
- a3
- 16
- 4f
- 6d
- 55
- 0c
+ 7a
  39
- e6
- 90
- 63
- 8e
- 2f
- d5
  a4
- ca
- 05
- 61
+ 97
+ a3
+ 56
+ 73
+ 48
+ 2f
+ 37
+ 0a
+ 3c
+ b0
+ 13
+ 20
+ c2
+ dc
+ 6e
+ 80
+ 26
+ 73
+ 08
+ 2e
+ 87
+ e0
+ 72
+ 2a
+ 17
+ bd
+ 2f
+ 82
+ cb
+ 21
+ b8
+ 1c
+ 82
+ cb
+ 21
+ b8
+ 1c
+ 82
+ cb
+ 8d
+ b3
  e6
+ 85
  4e
- 03
+ 73
+ 27
  2d
- cc
- 9d
- e5
- b2
- 10
- 30
- a0
+ fe
+ fc
+ e2
+ 90
+ c5
+ 7f
+ fe
+ 8e
+ c3
+ 2b
+ a7
  f5
- b7
+ 5a
+ 13
+ 1c
+ 95
+ 18
+ 8e
  59
- 40
- ab
- 6e
- 45
- 40
- 6b
- 6d
- 25
+ 3c
+ b5
+ 55
+ 31
+ e4
+ 98
+ 43
+ 8e
+ 39
+ be
+ 54
+ 93
+ 2a
+ 17
+ 84
+ 99
+ 3b
+ 03
+ b4
+ 30
+ 77
+ 8e
+ cb
+ 42
+ c0
  80
- 15
- b6
- d1
- 52
- eb
- 79
- 36
- ae
+ d6
+ df
+ 0a
+ 81
+ 56
+ dd
+ 8a
+ 81
+ d6
+ da
+ 4a
+ 01
  2b
- aa
- 41
- 99
- c5
- 9f
- ff
- 37
- b9
- 4b
- 00
- 8b
- 66
- 34
- 64
- e1
- 64
- 1c
- ab
- 02
- cc
- b1
- f8
- 2f
+ 6c
+ 63
+ 65
  d6
+ f7
+ 74
+ 5c
+ 57
+ d4
+ 82
+ 72
+ 8b
+ 3f
+ fb
+ 1f
+ 72
+ 97
+ 00
+ 16
+ cd
+ 68
+ c8
+ c2
+ c9
+ 38
+ 56
+ 25
+ 98
+ 6b
+ f1
+ 17
+ d7
  6b
  9e
  b5
- 1d
+ 0b
  97
  b5
  36
  5a
  bd
- 62
+ 12
  1a
  c1
- e2
- 51
+ 92
+ 31
  27
  a4
+ 5f
  df
- de
- a6
+ a9
  1b
  44
  c0
- 02
+ 42
  b0
  18
- 2c
- b4
- f8
- ef
+ d4
+ 58
+ fc
+ f7
  ff
- 43
- 07
- 16
- 81
- 5a
- eb
- 08
- 97
- cb
- ad
+ a5
  03
- f5
- 60
- 19
- a8
- b1
- f8
- 7f
- fd
- 1f
- 1d
- 68
- 00
- 8c
- f7
- 93
- 23
+ 8b
+ 40
+ bd
+ 75
+ 87
+ 2b
+ e4
+ 36
+ 80
+ 46
+ d0
+ 02
+ ea
+ 2c
+ fe
+ ff
+ fe
+ af
+ 0e
+ 34
+ 01
+ c6
+ fb
+ c9
+ c3
  58
  7a
  82
  28
  88
  81
- 2e
- d0
- 09
- 9a
- ac
- a3
- 70
  95
- ae
- d0
- 03
- b5
- 81
- 0e
- b0
- 02
- 2c
- 07
- ad
  a0
- d9
- 3a
- e6
- dd
- a3
- f3
- 5a
- c0
+ 07
+ b4
  5a
- eb
- 68
- fe
- 53
- c8
- ba
- 1f
- 99
- 1d
- b2
- f5
+ 77
+ d1
+ 2a
  5d
- cf
- 86
- 42
  a1
- e2
- 1b
- ae
- 38
- dc
- 08
- 7e
- 78
- 85
- 53
- 76
- 82
- 5d
+ 07
+ ea
+ 04
+ dd
  60
- 37
- e8
+ 39
+ 58
  06
- ab
- c0
- 6a
- a0
- a7
- 5a
- 0f
- 56
- 5a
- 47
- c4
- d7
- 9d
- 35
- 05
- cc
- 8a
- a2
- b7
- 09
- 57
- 73
- a0
- c7
- b1
- 0e
- 82
- 0d
- d6
- d1
- 70
- 5e
- e7
- ed
- 01
- 7b
- c1
- 3e
- b0
- 0d
- 1c
- 00
- 1b
+ 3a
+ 40
+ 9b
+ 75
+ cf
+ ff
+ 9c
+ ce
+ 6b
+ 07
+ 6b
  ad
- a3
- f5
- 1a
- 9d
- a2
- 1b
- 6c
- b6
- 8e
- 58
- 46
- 6e
- 0f
- e8
- 05
+ bb
+ ed
+ cf
+ 21
+ eb
  7d
+ 64
+ 4e
+ c8
  d6
- 7d
- a9
- c9
- 3d
- f8
- 7d
- 7f
- a6
- 03
- 5b
- c0
+ af
+ 7c
+ 3a
+ 14
+ 0a
+ 95
+ dc
+ 7c
+ d5
+ e1
+ 16
+ f0
+ c3
+ ab
+ 9c
+ b2
+ 13
+ ec
+ 02
+ bb
+ 41
+ 2f
+ 58
+ 05
  56
+ 03
+ 3d
+ d5
+ 7a
  b0
- dd
+ c2
  ba
- ff
- f1
- 61
- c5
- 76
- 80
- 7e
- eb
- 7e
- ec
- 66
- b9
- 03
+ 23
+ be
+ ee
+ ac
+ 29
  60
- d0
- d6
- af
- ba
  56
- ee
- 10
- 18
- b6
- f5
+ 14
  bd
- 5f
- 97
- eb
+ 4d
+ b8
+ 9a
+ 03
+ 3d
  81
- c3
- 60
- 14
- 1c
- 05
- 52
- e7
- 11
- 70
- 02
- 1c
- b2
- 9e
- af
- bf
- a3
- 93
- c7
- 79
- 23
- 1a
- da
- 88
- be
- 77
- 55
- d8
- a7
- c0
- 69
- 70
- 06
- 20
- 42
- 92
- b3
- 38
- 6d
- d6
- f3
- bb
- 8f
- 52
+ 75
+ 10
+ 6c
  b0
- af
- 50
- 9c
- e9
- 62
- eb
- fd
- f8
- 5f
- e9
- 80
- e4
- 78
- d2
- 7a
- be
- 53
- 26
- 17
- 9d
+ ee
  a6
- d1
- 69
- 9a
+ 0b
+ 3a
+ 6f
+ 0f
+ d8
+ 0b
+ f6
  81
- b1
- af
- ef
- c9
- a8
- 0d
- 0d
- 5f
- a7
- a3
- 88
- 35
- ad
- e5
+ 6d
  e0
+ 00
+ d8
+ 68
+ dd
+ 1d
+ d7
+ ea
+ 14
+ dd
+ 60
+ b3
+ 75
+ c7
  32
- 50
- 64
- 3d
- 99
- 22
+ 72
+ fb
+ 40
+ 3f
+ 18
+ b0
+ de
+ cb
+ ad
+ ee
+ c1
+ ef
+ ff
+ 0b
  1d
- a0
- a3
- 4a
- 6a
- aa
- 13
+ d8
+ 02
+ b6
+ 82
  ed
- a6
- b5
- ea
- 8b
- 44
- d3
- e5
  d6
  fb
- b1
- fb
- 74
- ca
+ e8
+ 3f
+ 2a
+ b6
+ 03
+ 0c
+ 5a
+ ef
+ e3
+ b7
+ c9
+ 1d
+ 02
+ c3
+ b6
+ 7e
+ d5
+ 8d
+ 72
+ 47
+ c0
+ a8
+ ad
+ ef
+ ff
+ b2
+ 5c
+ 0f
  1c
- 80
+ 01
+ 63
+ e0
+ 18
+ 90
  3a
- d3
- 55
- d6
- 97
- d8
- c0
- b3
- bc
- 4a
- fd
- be
- 06
- 5e
- 77
- 28
- 09
- eb
+ 8f
+ 82
+ 93
+ e0
+ 90
+ f5
+ 7d
+ f9
+ 2d
+ 9d
+ 3c
+ c1
+ 1b
  d1
- 74
- 83
- 1a
- 50
- 0b
  d0
- 64
- 1a
- 01
- a7
- b5
- 1c
+ 46
+ f4
+ bd
+ ab
+ c2
+ 3e
+ 0d
+ ce
+ 80
+ b3
+ 00
+ 11
+ 92
+ 9c
+ 25
+ 69
+ b3
+ be
+ df
+ 7c
+ 90
+ 82
+ 7d
+ 85
+ e2
+ 4c
+ 97
+ 58
+ ff
+ 87
+ fe
+ 4a
+ 07
+ 24
+ c7
+ 53
+ d6
+ f7
+ 8d
+ 72
+ b9
+ e8
+ 34
+ 8d
+ 4e
+ d3
+ 0c
  8c
+ 7d
+ 7d
+ 4f
+ 46
+ 6d
+ 64
+ f4
+ 23
+ 3a
  8a
+ 58
  d3
- 0b
+ 5a
+ 0e
+ 2e
+ 07
+ c5
+ d6
+ 97
+ 29
+ d6
  01
  3a
- 4d
- 93
- 1a
- e9
- 4a
- eb
- 3b
+ aa
  a4
- e2
- 4c
- a3
- e7
+ a6
+ 3a
+ d1
+ 6e
+ 5a
+ ab
+ be
+ 48
  34
- 1a
- 4f
- 33
- eb
- e7
- cb
- d2
- e4
- 14
+ 5d
+ 61
+ fd
+ 37
+ dc
+ af
  53
- c5
- 3e
+ e6
+ 02
+ d4
  99
- 9c
- 46
- 98
- e9
+ ae
+ b6
+ 81
+ c4
  06
- eb
- bb
- f3
- 2f
- 43
- d6
+ 9e
+ e5
+ 55
+ ea
  f7
- eb
- df
+ 35
+ f0
+ 5b
  87
- 6c
+ d2
+ b0
+ 1e
+ 4d
+ 37
+ a8
+ 03
+ f5
+ 00
+ 4d
+ a6
+ 11
+ 70
+ 5a
  cb
- 49
+ c1
+ a8
+ 38
+ 5d
+ 03
+ d0
+ 69
+ 9a
+ d4
+ 48
  57
- 83
- fd
- 25
- d5
- ee
- 81
- 4a
- ae
- d5
- 13
- a0
- ec
- 74
- 13
- 58
- 6a
- 7d
- 27
- ef
- d5
- 9d
- 1b
- ad
- ef
- d6
- cf
- 6b
- 1a
- 97
- 4f
- 44
- 8f
- 5a
- 4d
- 23
- e5
- f4
- 72
- eb
- bb
- fd
- 1b
- 3a
- a5
  d9
- fa
- b2
- a7
- dc
- fd
- c6
- 3a
- e5
- 92
- 24
- e9
- 36
- eb
- 2f
- fc
- 90
- 5c
- 32
- 25
- bd
- 12
- 74
- d8
  c0
- aa
- ab
+ 21
  15
- 63
- be
- 38
- 49
- 4d
+ 67
+ 1a
+ 3d
  a7
- 91
- 72
- ba
- cb
- 06
- 56
+ d1
+ 78
+ 9a
+ 59
  3f
- ab
- 03
- c8
- 3b
- bd
- 06
- 20
- bd
- f4
- 6a
- 1b
- 58
- 3b
- 53
+ 5f
+ 96
+ 26
+ a7
+ 98
+ 2a
+ f6
+ c9
+ e4
+ 34
+ c2
+ 4c
+ 37
+ d9
+ c0
  3d
- 6b
- 01
- fa
- 4b
- a3
- b5
- f4
- 66
- 1b
- e8
- 79
- 44
- 07
- b4
- 70
- e3
- dc
- 53
- 9f
- 0a
+ ef
+ 09
  d9
  c0
- 17
- 22
+ 2f
+ 7f
+ 1f
+ b2
+ 2d
+ a7
+ 5c
+ 0d
  0e
+ 96
+ d6
+ ba
+ 07
+ 2a
+ bd
+ 51
  4f
- ae
+ 80
+ b2
  d3
- 01
- 3d
- e9
- 56
- 1b
- d8
- f5
- a8
- 5c
  ad
- e7
- e9
- a6
- e8
- 2a
- 7d
- c4
- 06
- fe
- 90
- 0a
- d9
  60
- cb
- b0
- c3
+ a9
+ 0d
+ 9c
+ ba
+ 4f
+ 77
+ 6e
+ b6
+ 81
+ 3b
+ 3e
+ a5
  69
+ 5c
+ 3e
+ 11
+ 3d
+ 6a
  35
- 0a
- 69
- 34
+ 8d
  94
- 46
- 6b
- e9
- 7e
- 1b
- 38
- b2
- 56
- 31
+ d3
+ cb
+ 6c
+ e0
+ ae
+ af
+ e8
  94
- 98
- 56
+ 36
+ 1b
+ c8
+ 9e
+ 76
+ f7
+ 1b
+ ef
+ 91
+ 4b
+ 92
+ a4
+ 3b
+ 6d
+ b0
+ e8
+ 7a
+ b9
+ 64
+ 4a
+ 7a
+ 05
+ e8
+ b6
+ a1
+ 55
+ ef
+ 55
+ 8c
  f9
- 0d
- d8
- c0
+ e2
+ 24
+ 35
+ 9d
+ 46
+ ca
  e9
- 27
- 15
+ 95
+ 36
+ b4
+ fa
+ 69
+ 1d
+ 40
+ de
+ e9
+ 35
+ 00
+ e9
+ a5
+ 57
+ db
+ d0
+ da
+ d9
+ ea
+ 59
+ 0b
+ d0
+ 5f
+ 1a
+ ad
+ a5
+ 37
+ db
+ 50
+ df
+ 23
+ 3a
+ a0
+ 85
  1b
- 04
- 08
- 38
- 3d
- 6c
- 03
- 77
- 8e
- 29
+ e7
+ 9e
+ fe
+ 68
+ c8
  86
- 80
- d3
+ 3e
+ 1d
+ 71
+ 78
+ 6a
+ 9d
+ 0e
+ e8
+ 49
+ b7
+ da
+ d0
+ ae
+ c7
  e4
  6a
- 7a
- 97
- 0d
- 3c
- 35
- 53
- 29
- 24
- 6c
- 9a
- 2c
+ 3d
+ 4f
+ 37
+ 45
+ 57
+ e9
+ a3
+ 36
+ f4
+ c7
+ 54
+ c8
+ 86
+ db
+ 47
+ 1d
+ ce
+ a8
+ 51
+ 48
+ a3
+ a1
+ 34
+ 5a
  4b
- ef
+ 0f
+ da
+ d0
+ d1
  b5
- 81
- 77
- 66
- f4
- 42
- aa
+ 8a
+ a1
+ c4
+ b4
+ ca
+ 6f
+ c8
+ 86
+ ce
+ 3c
  a5
- f7
- 83
- 03
- 36
  d8
- 7a
- a3
- 62
- e4
- 65
- fa
- 10
- 18
- b1
- c1
- b3
- 4d
- 8a
- 91
- 0b
+ 30
+ 40
+ c0
  e9
  51
  1b
- bc
- 85
- a1
- 74
- 49
- 82
+ ba
+ 67
+ 5c
+ 31
+ 04
+ 9c
+ 26
+ 57
+ d3
+ bb
+ 6c
+ e8
+ bb
+ b3
+ 95
+ 42
+ c2
  a6
- 34
- 2d
- 51
- 9f
- b4
- c1
+ c9
+ b2
+ f4
+ 5e
  1b
+ 7a
+ 6b
+ 56
+ 2f
+ a4
+ 5a
+ 7a
+ 3f
+ 38
+ 60
+ c3
+ 1d
+ b7
+ 28
+ 46
+ 5e
+ a6
+ 0f
+ 81
+ c3
+ 36
+ 7c
+ ae
+ 55
+ 31
+ 72
+ 21
+ 3d
+ 66
+ c3
+ b7
+ 33
+ 94
+ 2e
+ 4d
+ d0
+ 94
+ a6
+ 25
+ ea
+ 53
+ 36
+ 7c
+ cb
  ff
- 5c
- a7
- a0
- f6
- b4
- 96
- 20
- c6
- 6c
+ d0
+ 29
  a8
- 7f
- 9e
- ce
- 2b
- 05
- 21
+ 3d
+ ad
+ 25
+ 88
+ 71
  1b
- 3a
- f0
- bf
- e4
- 16
- d8
- c4
- 97
- be
+ 19
+ 9c
+ af
+ f3
+ ca
+ 40
+ c8
+ 46
+ 0e
+ fc
+ ad
+ dc
+ 02
+ 9b
+ fc
+ c2
+ d7
+ 65
+ 95
+ 83
+ 0a
+ 30
+ 17
+ cc
+ 03
+ 11
+ b0
+ 00
+ cc
+ 07
+ 61
+ 1b
+ 99
+ 48
+ ea
+ 64
+ e6
  2d
+ 7c
+ 4d
+ 8d
+ 1f
+ b5
+ 91
+ f7
+ be
+ a9
+ d8
+ 42
+ 50
+ 63
+ e3
+ d9
+ 05
+ 21
+ 3b
+ f1
+ 81
+ fd
+ 21
+ 3b
+ 7b
+ 34
+ 8e
+ 72
+ 3e
+ 84
+ 80
+ 3f
+ ec
+ 50
+ f6
+ a5
  ab
+ 9c
+ d2
  0c
- 94
- 83
- 39
- 60
+ b4
+ 69
+ a0
+ 15
+ 68
+ 3b
+ 42
+ b5
+ 8d
+ f8
+ af
+ e9
  2e
- 88
- 80
- f9
- 60
- 1e
- 08
- db
+ 8b
+ 00
+ 73
+ 50
+ 91
+ 43
+ 58
+ da
+ 48
  d0
- 78
- 52
- 27
- 33
- 6f
- e1
- 6b
+ 06
+ d6
+ db
+ e4
+ c0
+ 72
+ 9d
+ d2
+ 05
  6a
+ 6d
  fc
- 88
- 0d
- 5d
- fd
- b6
- 62
- 0b
- c0
- 42
+ b9
+ 22
+ b9
+ da
+ 57
+ d0
+ 01
+ b4
+ 9b
+ 20
+ 0a
+ b4
+ 77
+ 41
  1b
- cb
- ce
- 0f
- d9
- f1
- 8f
+ 09
+ ea
  ec
- 0f
+ c4
+ 07
+ 73
+ 3a
+ af
+ 1e
+ 34
+ da
  d9
- 99
- 23
- 71
- 94
- f3
+ 89
+ 19
+ b9
+ da
+ ca
+ b0
+ 01
+ 6c
+ 06
  71
- 04
- fc
- 09
- 87
- d2
- af
- 5e
- e1
- 94
- 46
- a0
- 4d
+ 9b
+ dc
+ 58
+ ad
  03
- 4d
- 40
- db
- 11
- aa
+ 1b
+ c1
+ 26
+ b0
+ 0e
+ 74
+ 03
+ ed
+ 35
+ e8
+ 01
+ 2b
+ 6c
+ 72
+ b8
+ 4e
+ e7
+ ad
+ b4
+ c9
+ 91
  6c
  c8
- 7f
- 4d
- 77
- 59
- 04
- 98
- 83
- 8a
- 1c
- c2
- d2
- 46
- 82
- 66
- b0
- de
  26
- fa
- 56
- e8
- 94
- 76
- 50
- 6d
- 63
- 2f
- 14
- ca
- d5
- be
- 82
- 56
- a0
- dd
- 04
- 51
- a0
  bd
- 0b
- da
- 48
- 50
- 63
- c7
- 3f
- 9a
- d3
- 79
- b5
- a0
- de
- ce
- 8c
- 4f
- cb
+ d9
+ 82
  d5
- 56
- 86
- 0d
- 60
- 33
- 88
- db
- c4
- c6
- 2a
- 1d
- d8
- 08
  36
- 81
- 75
- a0
- 03
- 68
- af
- 41
- 27
- 58
- 69
- 13
  83
+ 55
+ 80
+ cd
+ 05
+ 89
  35
- 3a
- af
- cb
- 26
- 86
- b2
- 21
- 9b
- f0
- 66
+ 36
+ a9
+ 4f
+ a1
+ d2
+ 04
+ fb
  0a
- 56
- db
- 0c
- 56
+ 12
+ fd
+ 60
+ 00
+ 6c
  01
+ 5b
+ c1
  36
- 17
- 24
- d6
- d8
- 84
- 3e
- 85
- 4a
- 12
- ec
- 2b
- 48
- f4
+ b0
+ 1d
+ 8c
  82
  3e
+ 9b
+ bc
+ a6
+ 47
+ 57
+ 68
+ 3a
+ 9f
+ f5
+ 73
+ 8f
+ 5e
+ cd
+ d7
+ c9
+ 3b
+ c1
+ 2e
  b0
- 05
- 6c
- 05
- db
- c0
- 76
+ 1b
+ ec
+ 01
+ 87
+ c1
+ 11
  30
- 0c
- 7a
- 6c
- e2
- aa
- 4e
- 5d
- a1
- e9
- 7c
- d6
+ 06
+ 0e
+ 02
  cf
- 3d
- 7a
- 35
- 5f
- 27
- ef
- 04
+ 26
+ af
  bb
- c0
- 6e
- b0
- 07
- 8c
- 80
- c3
- 60
- 14
- 1c
- 04
- 9e
- 4d
- 7c
- f0
- 1a
- dd
- 65
- 2f
+ 56
+ 77
+ d9
+ 0b
+ 68
+ ff
+ 92
+ 7a
  a0
- fd
- 4b
- ea
- 81
- c6
- c0
- 51
+ 71
  70
- c8
+ 0c
+ 1c
+ b2
+ c9
+ e4
+ ec
+ 33
+ f3
+ 1b
+ 3e
+ 73
+ f0
+ be
+ 7e
+ 4d
+ ed
+ 9a
+ ce
+ 3b
+ 09
  26
- 92
- 33
- cf
- cc
- 6f
- f8
- cc
- c1
- fb
- fa
- 35
- b5
- 6b
+ 6c
+ f2
+ b6
+ f3
  3a
  ef
- 04
- 18
- b7
- 89
- 9b
- cf
- e9
- bc
- 63
- e0
- 14
+ 38
  38
  0d
  ce
- d8
- c4
- 77
- 97
- 87
- cc
- bf
- f6
- 83
+ 80
+ b3
+ 36
+ f9
+ cd
+ 65
  21
- 4b
- 5c
- 7b
- 15
- a7
- 64
- 75
- de
- 49
- 9b
- b8
- e7
+ f3
  6f
+ bc
+ 2e
  64
+ 89
+ 1b
+ af
+ e1
+ 94
+ ac
+ ce
+ 3b
+ 65
+ 93
+ 9f
+ fb
+ 1b
+ 59
+ 9a
+ c9
+ 1f
+ 32
+ ff
  69
- 26
- 7f
- c0
- fc
- 67
- a5
- 97
- 6c
- 01
- 98
- 05
+ e9
+ 25
+ 5b
+ 00
  0a
  41
  11
  28
  06
  25
- 60
- 36
- 40
- 98
- d9
- 30
- 28
- 63
- 83
- c5
- 06
- 40
- 55
- 64
- 2b
- 80
- d9
- c4
- a3
- 9e
- 6e
- 55
- ce
+ a0
+ 14
+ cc
  01
- a4
- 17
- a1
- 95
- f7
- b4
- 0a
- b5
- 84
- d8
- 1a
- b0
- 16
- 50
- 6f
- d9
- 4a
- 9b
- 78
- 9c
- 41
- 52
- 69
- b2
+ 08
+ 33
  1b
+ 06
+ e5
+ 6c
  b0
+ d8
+ 00
+ a8
+ 8a
+ 6c
+ 25
+ 30
+ 9b
+ 7c
  cc
- 91
- e4
- f5
- b3
+ d3
+ ad
+ 2a
+ 38
+ 80
+ f4
+ 22
+ b4
+ f2
+ 9e
+ 56
+ a1
+ 96
+ 10
+ 5b
+ 03
+ d6
+ 02
+ ea
+ 2d
+ 5b
+ 65
+ 93
+ 4f
+ 30
  48
+ 2a
+ 4b
+ f6
+ 02
+ 96
  39
- 5b
- 05
- 90
- 77
+ 92
+ bc
+ 7e
  16
- 79
+ 29
  67
- d1
- 6e
- 96
- 0d
- 34
- 59
- f4
- 97
+ ab
+ 01
+ f2
+ ce
+ 22
+ ef
+ 2c
+ da
+ cd
+ b2
+ 81
+ 26
+ 8b
+ fe
+ b2
+ 8b
+ 6d
+ f2
+ fb
+ ab
  5d
- 6c
- 13
+ d5
+ fe
+ 60
+ a7
+ c3
+ 0f
  3f
- 58
- ed
- aa
- f6
- 99
- 9d
+ e0
+ f0
+ a3
+ cb
  0e
- 3f
- fc
- 88
- c3
- 8f
- 2e
- 39
+ cf
+ dc
+ ef
+ f0
+ e3
+ 87
+ 1c
+ 82
+ af
+ 3b
  3c
- 77
- 9f
+ fb
+ 84
  c3
- 8f
- 1f
- 72
- 08
- be
- ed
+ 4f
+ 7e
+ ea
  f0
- fc
- e3
- 0e
- 3f
+ 5c
+ ce
+ e1
  f9
- 99
- c3
- 0b
- 39
- 87
- 9f
- fe
+ 5f
+ 3a
+ bc
+ f0
+ ba
+ 1e
+ 72
+ 09
+ 40
+ d9
+ d9
+ 5a
+ c0
+ f6
+ 9a
+ 2c
+ fa
+ cb
+ 36
+ d8
+ e4
+ 4f
+ 1b
+ dc
+ 79
+ 2f
+ 7d
+ 55
+ e7
+ 35
  da
- e1
- c5
- 37
- f4
- 90
- 4b
- 00
- ca
- ce
- 56
- 03
- b6
- d7
+ e4
+ 6f
+ 06
  64
- d1
- 5f
+ 35
+ d9
+ e4
+ 2b
+ 8f
+ c9
+ 6a
  b6
- ce
- 26
- 7e
- 56
- e7
- ce
- 7b
- e9
- 9b
- 3a
- af
- de
- 26
- 7e
+ c9
  d7
- 27
- ab
- c1
- 26
- 5e
- 79
- 54
- 56
- a3
- 4d
- bc
- 26
- a1
- 67
+ 24
+ f4
+ 2c
  49
  92
- 6c
- 93
- 4d
- bc
- 9e
- 96
- bb
- dc
+ 6d
+ b5
+ c9
+ df
+ a6
+ e5
+ 2e
+ b3
+ c9
+ 37
+ f6
+ c9
+ 6a
+ b3
+ c9
+ 3f
+ 16
+ cb
+ 6a
+ b7
+ c9
+ 37
+ bf
  26
- de
- da
- 27
  ab
- d9
+ c3
  26
- fe
- 50
- 24
+ ff
+ 54
+ 21
  ab
- c5
+ d3
  26
- de
- fe
- 96
- ac
+ af
+ 7e
+ 57
  56
- 9b
- f8
- 63
- b9
+ d4
+ fc
+ a2
+ fb
+ 64
+ c5
+ cc
+ 2f
+ 79
+ b7
  ac
- 36
- 9b
- b8
- f2
+ 2e
+ f3
+ cb
  94
- ac
- a8
+ 38
+ d9
+ b8
  f9
- 85
- f7
- ca
- 8a
- 99
- 5f
- fc
+ e1
+ 40
+ 56
+ b7
+ f9
+ 15
  17
- b2
- da
- cd
- 2f
- 55
- e2
  64
- e3
- e6
- 87
- 03
- 59
- 1d
- e6
- 97
- 9f
- 97
+ 2d
+ 37
+ bf
+ ea
+ 66
+ 57
  b5
- c2
- fc
- ca
- 1b
- 5c
  d5
- 56
- b9
- 41
- a6
- 3f
- ff
+ 6e
+ 90
+ e9
+ 2f
+ b8
+ d5
+ a1
  26
- 87
- 85
- 19
- 87
- 25
- dd
- 3a
- 4a
- 06
- 64
+ e3
+ b0
+ a4
  57
- 9a
- 5f
- fd
- b7
- 72
- bb
- cc
- 5f
- 33
- 24
- ab
- db
- fc
- fd
- 19
- 59
- ab
- cc
+ 47
+ c9
+ 80
+ ec
+ 0a
+ f3
+ 6b
  ff
- f0
- 9b
+ 4e
+ ee
+ 4a
+ f3
+ d7
+ 8c
+ c8
+ ea
+ 35
+ 7f
+ 7f
+ 46
+ d6
+ 2a
+ f3
+ df
+ ff
+ 3b
+ 59
+ da
+ 63
+ b3
+ 06
+ 68
+ 67
+ 8d
+ 2a
+ 65
+ 3d
+ 20
+ e9
  b2
- b4
- c7
- 66
- 0d
- d0
- ce
- 1a
- 55
- ca
- 7a
- 40
- d2
+ aa
+ 5a
+ b2
+ 2c
+ 4b
+ fa
  65
- 55
- b5
- 64
- 59
- 96
- f4
- cb
- f6
+ fb
  00
+ 49
  92
+ 25
+ 49
+ b2
  24
- 4b
- 92
- 64
+ 49
+ 16
+ dd
+ 67
  49
  92
  2c
- ba
- cf
+ 49
+ 92
+ dd
+ 01
+ 06
+ c1
+ 10
+ 18
+ 06
+ 23
+ 80
+ ec
+ c9
+ 7a
+ 80
+ 24
+ c9
  92
  24
  59
  92
  24
  bb
- 03
- f4
- 83
- 01
- 30
- 08
- 86
- 00
- d9
- 93
- f5
- 00
- 49
- 92
- 25
- 49
- b2
- 24
- 49
- 76
+ c7
+ fc
+ 8f
+ bf
+ db
+ 3d
+ fd
+ 2d
  8f
- f9
- 9f
- f9
- 0b
- f7
- f4
- 37
- 3e
- e6
- f0
- 59
- 57
- 5b
- fe
- 4d
- af
- 3a
- dc
- 62
- 0e
- 9f
- 73
- 1f
- b3
- fe
- ad
- 51
- 87
- cf
- 17
  3b
- dc
- 56
+ 7c
+ c2
+ d5
+ 96
+ 7f
  eb
- 70
- 87
  ab
- 19
- ff
- 0b
- ae
- ce
- fd
+ 0e
+ b7
+ 9b
+ c3
+ 27
+ dd
+ c7
+ ac
+ 7f
+ 47
+ d4
+ e1
+ 53
+ 25
+ 0e
+ 77
+ d6
  3b
- 0f
- 38
- 7c
- 71
  dc
- e1
- 7c
- 81
- c3
- 64
- a7
- c3
- 54
- 8f
- c3
- 05
- ca
- e5
- e2
- 55
+ ed
+ 6a
+ c6
+ ff
+ b4
+ ab
+ 73
+ ff
+ 9e
+ 03
  0e
- f7
- de
- e1
+ 9f
+ 99
  70
- e9
- 7e
- 87
- fb
- 9e
- 73
  b8
- ff
- 79
+ 50
+ e0
+ 30
+ d5
+ e3
+ 30
+ dd
+ e7
+ 70
+ 91
+ 72
+ b9
+ 74
+ 8d
+ c3
+ 7d
+ 77
+ 3b
+ 5c
+ fe
+ bc
+ c3
+ fd
+ cf
+ 38
+ 7c
+ fe
+ 59
  87
  2f
- fd
- c6
+ fc
+ ca
  e1
- f2
- 1b
+ ca
+ eb
  0e
  0f
  b8
  ee
  d3
  ff
- f2
- 5b
+ e2
+ 1b
  0e
  0f
  5e
- 51
+ 55
  69
  90
  8d
@@ -10879178,547 +10878293,547 @@
  0e
  66
  8f
- 98
+ 9a
  ff
- 15
- 9e
- ea
- 1f
- 67
- 6a
- e6
- a8
- f9
- df
+ 30
+ 4f
+ f5
+ e8
+ 6c
+ cd
+ 1c
+ 33
+ ff
+ ab
+ fd
+ b2
+ 26
+ cc
+ ff
+ da
+ 0b
+ b2
+ c8
+ cb
  ec
- 95
- 35
- 6e
- fe
- b7
- 5e
- 94
- 45
- 5e
- 66
- 8f
- 9b
- 9f
- 7a
- 42
- ee
  09
  f3
- ff
- 6d
- bf
- ac
- 93
- e6
- 7f
- e7
- a0
- ac
  53
- e6
+ 4f
+ ca
+ 3d
+ 69
+ fe
  7f
+ ec
+ 97
+ 75
+ ca
+ fc
+ 6f
+ 1c
+ 94
+ 75
+ da
+ fc
  6f
- 46
- 16
- a7
  cd
- 7f
- 62
- 97
- ac
- 33
- e6
- 3f
- 9d
+ ca
+ e2
+ 8c
+ f9
+ 4f
+ ee
  92
  75
  d6
  fc
- 34
- b3
- 8d
- b3
- d3
- ee
- 87
- 7e
- 36
- 2c
- cb
- cc
- cf
- be
- 22
- ab
- c0
- fc
- dc
- 26
- 59
- b3
- cc
- ff
- d5
- eb
- b2
- 0a
+ ef
+ a5
+ 64
+ 9d
+ 33
+ 3f
  cd
- 7f
+ 6c
+ e3
+ 9c
+ b4
+ fb
+ a1
+ 9f
+ 8e
+ ca
+ 32
+ f3
+ b3
+ af
+ c8
+ 2a
+ 30
+ 3f
+ b7
+ 49
+ 56
+ a1
  f9
- 11
- 59
- 45
- e6
  bf
- 7a
- 5e
+ f8
+ ad
+ ac
+ 22
+ f3
+ 5f
+ 7e
+ 44
  56
  b1
  f9
- 6f
+ af
  5e
- 96
+ 90
  55
  62
- 7e
- 7e
- 5c
- d6
- 6c
- f3
- df
- 3e
- 29
- ab
- d4
- fc
- 77
- ab
- 65
- 85
- cd
- ff
- e3
- 4f
- 64
- 95
- 99
+ fe
+ ef
+ ae
+ c8
+ 2a
+ 35
+ 3f
+ 3f
+ 21
+ 6b
+ 8e
+ f9
+ 6f
+ 9e
+ 92
+ 55
+ 66
+ fe
+ db
+ b5
+ b2
+ c2
+ e6
  ff
- de
- 4b
+ e9
+ 27
  b2
  ca
- 2d
- 31
- eb
- 88
- ac
- 39
+ cd
+ 7f
+ e7
+ 25
+ 59
+ 15
  96
  28
- 5a
- 28
+ 3c
+ 2a
  6b
  ae
  25
  8a
- ff
- 53
- 56
- 85
- 25
- ca
- fe
- 49
- 56
- a5
- 25
- e6
- 7c
- 5a
- d6
- 3c
- 4b
- 54
- ec
- 97
- 55
- 65
- 89
- 79
- 2d
- b2
- 22
- 96
- a8
- 72
- 65
- 9f
- 40
- b1
- 09
- 14
- 9b
- 70
- 8a
- b5
- 84
- d3
- a9
- 25
- 6a
- 1f
- 75
- a8
- 77
- 19
- 9a
- 58
- b6
- d0
- 61
- f9
- 84
- 43
+ 6b
+ 64
+ cd
+ b3
+ 44
+ c9
+ 7f
  cb
- 1d
- ba
- 6c
- 3e
- 58
- 60
- 89
- b6
- 27
- e4
- 2e
+ aa
  b4
+ 44
+ f9
+ 3f
+ cb
+ aa
+ b2
  c4
- f0
+ dc
+ 7f
+ 90
+ 35
+ df
+ 12
+ 95
  fb
  65
+ 55
+ 5b
+ 62
+ 7e
+ bb
+ ac
+ 88
+ 25
+ aa
+ 5d
+ d9
+ 27
+ 50
+ 6c
+ 02
+ c5
+ 26
+ 9c
+ 62
  2d
- b2
- c4
- 87
- 5f
+ e1
+ 74
+ 6a
+ 89
+ fa
+ c7
+ 1c
+ 1a
+ 5d
+ 86
+ 26
+ 5a
+ 6a
+ 1c
  96
- b5
- 18
- 2c
- 01
+ 4d
+ 3a
+ b4
+ df
+ ad
+ cb
+ 16
+ 80
+ 85
+ 96
+ e8
+ 7c
+ 52
+ 6e
+ 8d
+ 25
+ 46
+ ff
+ 52
+ d6
+ 22
  4b
- 41
- 35
- a8
- 01
- b5
- a0
- ce
+ bc
+ ff
+ 65
+ 59
+ 8b
+ c1
  12
- bf
- f9
- aa
- ce
- ab
- 07
- 0d
- a0
- 11
+ b0
+ 14
+ d4
+ 82
+ 3a
+ 50
+ 0f
+ 1a
  2c
- 03
- 4d
- 60
- 39
+ f1
+ ab
+ 2f
+ e9
+ bc
+ 46
+ d0
+ 04
+ 9a
+ 41
+ 0b
+ 68
+ 05
+ cb
+ 40
+ 1b
  68
- 06
- 2d
- a0
- 15
- b4
- 81
- 28
- 88
- 81
- 76
- 10
  07
  1d
- 60
- 05
- e8
- 04
- 2b
+ a0
+ 13
+ 44
  41
- 17
+ 0c
+ 74
+ 81
+ 38
  e8
  06
- ab
- c0
- 6a
+ cb
+ 41
+ 0f
+ 58
+ 01
+ 56
+ 82
+ 5e
  b0
+ 0a
+ ac
  06
+ 6b
+ c0
+ 5a
+ b0
+ 0e
  ac
- 05
- eb
+ 07
+ 1b
  c0
- 7a
+ 46
  b0
- 01
+ 09
  6c
- 04
- 9b
- c0
- 66
- d0
- 03
- 7a
- 41
+ 06
+ 7d
+ a0
  1f
+ 0c
+ 80
+ 2d
+ 60
+ 2b
  d8
- 02
+ 06
  b6
- 82
- 6d
+ 83
+ 1d
  60
- 3b
- d8
- 01
- fa
- c1
- 80
- 25
- 6e
- d8
+ 10
+ 0c
+ 59
  e2
- 0a
- 87
- 74
- 49
- 7c
- f6
- 57
- 0e
- 37
- 39
- 29
- 27
- 6e
- fe
- a3
- c3
- e7
- 4a
- 1d
- 6e
+ e6
  2d
- 73
- f8
- 7c
- 95
- c3
- 6d
- ed
- 0e
- b7
- 6f
- 73
- b8
- a3
- de
+ ae
+ 70
+ 48
+ 97
+ c4
+ 27
+ 7e
  e1
- 0b
- 5d
- 0e
- 77
- 6e
  70
- f8
+ ab
+ 93
+ 72
  e2
- fb
- 1d
- ee
- fa
- 2b
+ b6
+ 3f
+ 39
+ 7c
+ b2
+ cc
+ e1
+ 8e
+ 72
+ 87
+ 4f
+ 55
+ 3b
+ dc
+ d9
+ e5
+ 70
+ d7
+ 36
  87
  bb
- ff
- de
+ 1b
+ 1d
+ 3e
+ bd
+ d2
  e1
  9e
- bb
- 1c
- 26
- b9
- d5
- 85
- 97
- 1c
- ee
- 75
+ 0d
+ 0e
  9f
- 06
- 89
+ f9
  4b
- 2d
- 0e
- 0f
- 80
+ 87
+ cf
+ fe
+ 95
+ c3
+ bd
+ 7f
+ ef
+ f0
+ b9
+ cf
+ 3a
+ 4c
+ 71
+ ab
+ 8b
  2f
- 6f
- 72
- 78
- 70
+ 39
+ dc
+ e7
+ 3e
+ 0d
+ 12
+ 97
+ db
+ 1d
+ 1e
+ 00
+ 5f
+ dc
+ e4
+ f0
+ e0
+ 0e
  87
+ 87
+ 86
+ 55
+ 88
  c3
- 43
- 83
- 2a
- c4
- 41
- 30
+ 60
  04
- 86
- 81
+ 8c
+ 02
+ 0f
+ ec
+ 04
+ bb
+ c0
+ 6e
+ b0
  07
- 76
- 82
- 5d
- 60
- 37
- d8
- 03
- f6
- 5a
- e2
- 2b
+ ec
+ b5
+ c4
+ c3
  f4
  3d
  ff
- 1c
+ 12
  d1
  65
  fb
  2c
  f1
- cd
- cf
- cb
+ d5
+ 4f
+ c9
  da
  6f
  89
- 6f
+ af
  57
- c8
+ ca
  3a
  60
  89
  d4
- 8c
+ ac
  26
  0f
  82
  43
  96
  f8
- bf
- 9f
- 93
- 3b
- 62
+ f7
+ 4f
+ ca
+ 3d
+ 6c
  89
- 7f
- bf
- 4d
+ ff
+ bc
+ 53
  d6
- 61
+ 11
  4b
  7c
- 77
+ 73
  87
  ac
- 51
+ 31
  4b
  7c
- 7f
- 46
+ 7b
+ 56
  84
- 63
+ e3
  96
  78
- 72
+ 6a
  8b
  ac
- 23
+ a3
  96
- 78
- ba
- 52
- d6
- 51
- 4b
- fc
- e0
- 05
- 59
- e3
+ f8
+ 5e
+ 95
+ ac
+ 63
  96
- 78
- f6
- 4e
- 59
- c7
+ f8
+ fe
+ 73
+ b2
+ 26
  2c
  f1
- c2
- 8c
- 68
- 8e
- 5b
- 22
+ f4
  3d
- 73
- de
- 09
- 67
- fd
- 87
- ac
- 93
- 96
- c8
- 7c
- 4d
- d6
- 29
- 4b
- fc
- e2
- 53
  b2
- 4e
+ 8e
  5b
- 22
- b7
+ e2
+ b9
  59
- d6
- 19
- 4b
+ d1
+ 9c
+ b0
+ 44
+ 7a
+ f6
  bc
- 34
- f3
- bb
- 67
+ 93
+ ce
+ fa
+ 2f
+ 59
+ a7
+ 2c
+ 91
+ f9
+ 27
+ 59
+ a7
  2d
  f1
- da
- 87
- d4
+ e2
+ 47
+ 65
+ 9d
+ b1
+ 44
+ 6e
+ b3
+ ac
+ b3
+ 96
+ 78
+ 69
+ f6
+ 77
+ cf
+ 59
+ e2
+ b5
+ eb
+ d5
  47
  b9
  97
@@ -10879728,829 +10878843,827 @@
  cb
  2c
  f1
- ff
- af
- 91
- 55
- 60
- 89
- b7
- 67
- 7a
- b0
- 59
- 96
- 78
- 77
- 26
- 56
- 68
- e7
- 42
- 47
- 65
- 15
- d9
- b9
- a2
- 27
+ 87
+ 6b
  65
  15
- db
- b9
- d9
- eb
- 65
- 95
- d8
- b9
- f2
- 16
- 59
- b3
- ed
- dc
- 9c
- d7
- 42
- 76
- ae
+ 58
  e2
- 4b
- 0e
- f3
- de
- 76
+ cd
+ d9
+ 1e
+ ac
+ d0
+ 12
+ 6f
+ cf
+ c6
+ 8a
+ ec
+ 7c
+ e8
  98
- 7f
- d6
- 61
- a1
- cb
- 85
- 73
- 8b
- 5d
- 23
- 78
- ae
- 7a
- cc
- a1
- f6
- b2
- 4e
- 2e
- 05
- 61
- 3b
- 57
- ff
- 8e
- dc
- 32
+ ac
+ 62
  3b
- b7
- f9
- 16
- 59
- e5
- 76
- 6e
+ 5f
  fc
- 41
- 59
- 73
- ec
- dc
- f5
- 6b
- 64
- cd
- 05
- 15
- a0
+ 94
+ ac
  12
- cc
- 03
- 55
- 20
- 02
- e6
- 83
- 05
- 60
- 21
- 58
- 04
- 16
- 03
- 75
+ 3b
+ 3f
+ 67
+ bd
+ ac
+ 52
+ 3b
+ 5f
  d1
- 4b
- 41
- 35
- a8
- 01
- b5
- 36
- b9
- fa
- 09
- dd
- b4
+ 2e
+ 6b
+ 8e
+ 9d
+ 9f
+ fb
+ 5a
+ c8
+ ce
+ 57
+ 7e
+ c1
+ 61
+ fe
+ 9b
  0e
+ 0b
+ ce
+ 39
  d4
- 83
- 06
- d0
- 08
- 96
+ b8
+ 5c
+ 38
+ bf
+ d8
+ 35
+ 82
+ e7
+ 6b
+ c7
+ 1d
+ ea
+ af
+ e8
+ e4
+ 32
+ 10
+ b6
+ f3
+ 8d
+ 6f
+ c9
+ 2d
+ b7
+ f3
+ 9b
+ 6f
+ 97
+ 55
+ 61
+ e7
+ 27
+ 1e
+ 94
+ 35
+ d7
+ ce
+ 7f
+ 6c
+ 8d
+ ac
+ 79
+ a0
+ 12
+ 54
  81
- 26
+ f9
+ a0
+ 1a
+ 44
+ c0
+ 02
  b0
- 1c
- 34
- 83
- 16
- d0
- 0a
- da
- 40
+ 10
+ d4
+ 80
+ 45
+ 60
+ 31
+ 50
+ 17
+ bd
  14
- c4
+ d4
+ 82
+ 3a
+ 50
+ 6f
+ 53
+ ab
+ 9f
+ d4
+ 4d
+ 1b
  40
- 3b
- 88
+ 23
+ 68
+ 02
+ cd
+ a0
+ 05
+ b4
+ 82
+ 65
+ a0
+ 0d
+ b4
  83
  0e
- b0
- 02
+ d0
+ 09
+ a2
+ 20
+ 06
+ ba
+ 40
+ 1c
  74
- 82
- 95
+ 83
+ e5
  a0
- cb
- ce
- dd
+ 07
+ ac
+ 00
+ 2b
  ed
- b4
- f6
- 81
- 4f
- 3c
- 13
- b2
+ fc
+ bd
+ 4e
  6b
- 4f
- bc
- 13
- b2
- bf
  ef
- 09
- 85
- ec
- c6
- 45
- bf
- 08
- d9
- 6d
- 6f
- d4
- ea
- 09
- 36
- 81
- cd
- a0
+ fb
+ f0
  0f
- ac
+ 42
+ 76
+ e3
+ c9
  b7
- 73
- 37
- 3e
- a6
- 03
- 3d
- 7c
+ 42
+ f6
+ f7
+ 7d
+ a1
+ 90
+ dd
+ b2
+ e8
+ c5
+ 90
+ dd
+ f9
+ 7a
+ bd
+ 9e
  60
- 78
- 58
- db
- c0
- 20
+ 13
  d8
- 62
- e7
- ee
- fc
- 6b
- 1d
- dd
- 0a
- b6
- 83
- 1d
- a0
- 1f
  0c
- 80
- 61
+ 06
+ c0
+ 7a
+ 3b
+ 7f
+ cb
+ e3
+ 3a
+ d0
+ c7
+ 07
+ 86
+ 87
+ b5
+ 0d
+ 0c
+ 83
+ 2d
+ 76
+ fe
+ 9e
+ bf
+ d6
+ d1
+ ad
+ 60
  3b
- ff
- 4b
- 97
+ d8
+ 01
+ 06
+ c1
  10
- 93
- 8f
- be
- 1c
- e2
- df
- 15
- 3e
- 58
- f4
- e0
- ba
- d5
- 4e
- b0
- 07
- 0c
- d9
- f9
- ef
- ff
- 46
- b7
- d2
- 1e
- 4d
- bd
- cc
- 3e
- 70
- 00
- ec
+ 18
  b5
- f3
+ 0b
  3f
- 7e
- 49
- 47
- 19
- a4
- 47
- 18
- ab
+ 77
+ 09
+ 31
+ f5
+ d8
+ cb
+ 21
+ fe
+ 5d
+ e5
+ 83
  45
- f4
- 96
- 07
+ 0f
+ ae
+ 5b
+ ed
+ 04
+ 7b
+ c0
+ 88
+ 5d
+ f8
+ f6
+ af
+ 74
+ 2b
  ed
+ d1
+ d4
+ cb
+ ec
+ 03
+ 07
+ c0
+ 5e
+ bb
+ f0
+ e3
+ 97
+ 74
+ 94
+ 41
+ 7a
+ 84
+ b1
+ 5a
+ 44
+ 6f
+ 79
+ d0
+ 2e
  fc
- cf
- 99
- 80
- 08
- 47
- 58
- 29
  8c
- a8
- 20
- 0e
- 81
- 11
+ 09
+ 88
  70
- 18
- 8c
- 82
+ 84
+ 95
+ c2
+ 88
+ 0a
+ e2
+ 10
+ 38
+ 0c
+ 8e
+ 80
  31
- 70
- 04
- 1c
- b5
+ 30
+ 0e
+ 8e
+ 82
+ 63
+ 76
+ e1
+ 6d
+ d7
+ 29
+ 5d
+ f8
  f3
- ef
- ba
- 4e
- e9
- fc
- 9f
- 96
- 3a
- bc
- 57
- ed
- 70
- 65
- 91
- 7b
- be
- d0
- 3e
- 07
- 73
+ 52
+ 87
+ 77
+ 6a
  1d
- da
- 64
- c1
+ ae
+ 2e
+ 72
+ cf
  17
- 1c
- 4a
- dd
- 90
- 67
- b2
- 6a
- b7
+ da
+ e7
+ 60
+ ae
  43
- 64
- c8
- 61
- 7e
- af
- c3
- 82
- cd
- 0e
- 0b
- cf
+ 9b
+ 2a
+ f8
+ b4
+ 43
+ 99
+ 1b
+ f2
+ 4c
+ 55
+ ef
+ 76
+ 88
+ 8c
  38
  2c
- fa
- 90
- c3
- e2
- 8f
- 3a
- 2c
- 71
+ e8
+ 77
+ 58
+ b8
  d9
- 3d
- b9
- f4
- 71
- 3d
- da
- 38
- 38
- 66
- 93
- d5
- ae
- dd
- 98
- 6c
- d8
- a0
- d8
+ a1
+ e6
+ ac
+ c3
+ a2
+ eb
+ 1d
+ 16
+ 7f
+ d0
+ 61
+ 89
+ cb
+ ee
+ a9
+ a5
+ 4f
+ e8
+ d1
+ 26
+ c0
  71
  9b
- 8c
- fd
- 44
- d6
- 09
- 9b
- 8c
- ff
- 93
+ aa
+ 75
+ ed
+ c6
+ 54
+ d3
+ 06
+ c5
+ 4e
+ d8
+ 54
+ ec
+ 27
+ b2
+ 4e
+ da
+ 54
+ fc
+ 9f
+ 65
+ 9d
+ 02
+ a7
+ 6d
+ 6a
+ 79
+ 9f
+ dc
+ 33
+ 36
+ b5
+ 62
+ 56
+ 5c
+ 67
+ 6d
+ 6a
+ 55
+ 8b
  ac
- 93
- e0
+ 73
+ 36
+ b5
+ f9
+ 5d
+ 7a
+ 2d
+ 77
+ ab
+ 81
+ 26
+ 59
+ 66
+ 53
+ 5b
+ ef
  94
+ c5
+ 46
+ 96
+ 48
+ a1
  4d
- ae
- e8
- 91
+ ed
+ b8
+ 20
+ b7
+ c8
+ a6
+ 86
+ a6
+ 65
+ 15
+ db
+ d4
+ c8
+ 33
+ b2
+ 4a
+ 6c
+ ca
+ 3b
+ 2b
+ ab
+ d4
+ a6
+ 76
+ 95
+ c8
+ 9a
+ 63
+ 53
  7b
- da
- 26
- 57
- ce
- 88
- eb
- 8c
- 4d
- ae
- 5a
- 26
- eb
- ac
- 4d
- 6e
- 7e
- 9f
- 5e
- cb
- dd
- aa
- af
- 41
  96
- d9
- e4
- d6
- db
- 64
+ c8
+ 2a
+ b3
+ a9
+ 7d
+ 19
+ 59
+ 61
+ 9b
+ 3a
+ 58
+ 2f
+ ab
+ dc
+ a6
+ 0e
+ d7
+ c8
+ aa
+ b0
+ a9
  b1
- 91
- 25
- 32
+ 8f
  cb
- 26
- 77
- 9c
- 97
- 5b
- 68
- 93
- 03
+ 9a
+ 6b
  53
+ 13
+ 45
  b2
- 8a
- 6c
- 72
- e8
- 39
- 59
- c5
- 36
- e9
- 9d
+ 98
+ 61
+ 8e
+ 54
+ da
+ d4
+ f1
+ 7f
  91
- 55
- 62
- 93
- bb
- 8a
+ 5b
  65
- cd
- b6
- c9
- 3d
- 4b
- 64
- 95
- da
- e4
+ 53
+ 1f
+ 5b
+ 2e
+ 6b
  be
- 8c
- ac
- b0
  4d
- 1e
+ 5d
+ 7e
+ 52
+ 16
+ 1b
+ 6d
+ 22
  ac
- 95
- 55
- 66
- 93
- 23
- 0b
- 65
- 95
- db
- e4
- e8
- 67
- 64
- cd
- b1
- c9
- f1
- 42
- 59
- cc
- 30
- 47
- 2a
- 6c
- f2
- d8
- 3f
- cb
- ad
+ 1f
+ 45
+ 58
+ 8b
+ 8e
+ 2c
  b4
- c9
- eb
- 57
- c8
- 9a
- 67
+ e9
+ fd
+ 8f
+ e9
+ 00
  93
- 97
- 9e
- 90
- c5
- 46
- 9b
- 08
- eb
- 47
- 11
- d6
- a2
- 23
- 0b
+ ad
+ 91
+ 45
+ 36
+ f5
+ c0
+ 4e
+ b9
  6c
- 6a
- 24
- a6
- 03
- 4c
- b6
- 46
- 16
- d9
- e4
- 03
- 3b
- e5
- b2
- e5
+ b9
+ 89
+ 68
+ 64
+ c3
  26
- a2
- 91
- 0d
- 9b
- 74
+ 9d
+ 08
+ fb
+ a5
  22
- ec
- 97
- 8a
- f0
- f5
- 1a
- 61
- 15
- 2a
- a2
- ad
- 39
- 4c
- 61
+ 7c
+ bd
  46
  58
- 22
- 8e
+ 85
+ 8a
  68
- 07
- 09
+ 6b
+ 0e
+ 53
+ 98
+ 11
+ 96
+ 88
  23
- f5
+ da
+ 41
+ c2
+ 48
+ 3d
+ c2
+ 76
+ a2
  08
- db
- 89
- 22
- ac
- 5b
- 45
- 18
- 5e
+ eb
+ 56
+ 11
+ 86
+ d7
+ 11
+ 2d
+ d4
+ 33
+ b7
+ 19
+ e9
+ b6
+ e9
+ f8
+ 2b
+ ba
+ b3
+ 06
+ cb
+ 7c
+ 0d
  47
  b4
- 50
- cf
- dc
- 66
- a4
- c3
- a6
- e2
- af
- e8
- ce
- 1a
- 2c
- f3
- 35
- 1c
- d1
- 66
- 9e
- 2e
- 9b
- ea
- f8
+ 99
+ 67
+ a5
+ 4d
+ 77
  7f
- 3a
- c0
- 1a
- 73
- 84
- d9
- 9e
- 88
+ 47
+ 07
+ 58
+ 63
+ 8e
+ 30
+ db
+ 13
+ d1
+ 06
+ e5
+ d5
  36
+ bd
+ bc
+ 47
+ 07
+ d8
+ 4f
+ 13
+ 61
+ 06
  28
- af
- b6
- a9
- 15
- 9d
- 3a
- c0
- 7e
- 9a
- 08
- 33
- 40
- 91
- 1e
- 9b
- ea
- be
+ d2
+ 67
+ d3
+ bd
+ 77
+ 28
+ a6
+ fd
+ ca
+ ec
+ 34
+ 89
+ 6c
+ b1
+ e9
  55
- 31
- ed
- 57
- 66
- a7
- 49
- 64
- 8b
- 4d
- ad
- ba
+ 97
+ 14
+ d3
+ 94
  a8
- 98
- a6
- 44
- b5
- c9
- 78
- c0
- a6
  36
- 7c
- 4a
- 31
- ed
- 74
- 62
- 42
- 23
- 32
- 6c
- 53
- 1b
- ef
- 52
- 4c
- 7b
+ 19
+ 0f
+ d9
+ f4
+ da
+ f9
+ 8a
+ 69
+ a7
+ 13
+ 13
+ 1a
+ 91
+ 51
+ 9b
+ 5e
+ d7
+ ae
+ 98
+ f6
+ 1c
+ b3
  8e
- 59
- c7
- 4e
- 32
- eb
- e2
- 29
- 36
- 6a
+ 9d
+ 64
+ d6
+ c5
  53
- 83
- b7
+ 6c
+ cc
+ a6
+ 77
+ 34
  cb
  1a
- b3
- a9
- 87
- 55
- 83
- 1e
- c5
+ b7
  e9
- 99
- 4d
- 1d
- fd
- ad
+ 07
+ 65
+ 79
+ 14
+ a7
+ 67
+ 36
+ 3d
+ 76
+ bd
  5c
  ed
  4c
  d2
  46
  a0
- 0a
+ 4a
  9b
- 7a
- 7f
- 97
- 62
- 9a
- 2f
+ 3e
+ ab
+ 7d
+ 91
+ 9e
  e6
- 8d
+ 8b
+ 79
+ 23
+ af
+ c9
+ a6
+ df
+ 73
+ 58
+ 31
+ 4a
+ c3
+ e3
+ 15
  bc
- 06
- 9b
- ba
- 46
- ef
- e1
- 51
- 1a
  1e
- af
- e0
- 75
- da
- d4
+ 9b
+ be
+ 41
  75
- a6
- 18
- 65
- e0
+ e4
+ 51
+ 06
+ 9e
+ 36
+ 5c
+ b9
+ 57
+ f8
+ e8
+ eb
+ 8a
  69
- c3
- 95
+ a8
+ cf
+ e2
+ 8b
+ a7
+ b1
+ c1
+ 6e
+ 9b
+ be
+ e3
+ 6f
+ 75
+ 40
  7b
+ 71
+ 58
+ 4e
+ f7
+ 8e
+ db
+ f4
  85
- ff
- fd
- 7e
- c5
- 34
- d4
- 67
- f1
- c5
- d3
- d8
- 60
- b7
- 4d
- dd
- fe
- 96
- 0e
- 68
- 2f
- 0e
- cb
+ 8b
+ 8a
+ 9d
+ b0
  e9
+ 3f
+ b6
+ 6a
  de
- 31
- 9b
- ba
- b8
- 48
- b1
- e3
- 36
- f5
- ee
- 1d
- 9a
- b7
- a0
- de
- fc
- 12
- 9b
- fa
- da
- eb
- 72
- b5
- 8f
- 47
- b3
- 24
- ae
- 2e
- 1f
- ff
- 3b
- c5
- 34
- 71
- ce
- 7e
- 3d
- bf
- c9
- a6
- 9e
+ 82
  7a
- 58
- 31
- 2d
- 26
- f2
- 93
+ f3
+ 4b
+ 6d
+ fa
+ d1
+ 1b
+ e4
+ 6a
+ 1f
+ 8f
+ 66
+ 49
+ 5c
+ 5d
  7e
- b7
+ ad
+ 52
+ 31
  4d
- bd
- 70
- bf
+ 9c
+ b3
+ 5f
+ cf
+ 6f
+ b5
+ e9
+ ef
+ 6c
+ 54
+ 4c
+ 8b
+ 89
+ fc
+ a4
+ df
+ 6b
+ d3
+ 41
+ af
  62
  1a
  66
@@ -10880559,67 +10879672,61 @@
  99
  d2
  f0
- fb
+ 07
  6c
- 2a
- f7
- b4
- 0e
- b0
- f6
- e9
- 6b
- de
+ 3a
  7b
- 97
- 4d
+ 54
+ 07
+ 58
+ fb
+ f4
+ 35
+ ef
  bd
- 39
- 5f
- b1
+ cb
+ a6
+ f5
  dd
- 76
- e9
- 6b
- ff
- a0
- 49
- 4a
- 1e
- 2d
- c9
- ae
- b0
- a4
- f6
- f0
- e9
- 2e
- 9a
- 38
- 62
- 48
- 96
- 64
+ 14
  f6
- 3c
+ 77
+ db
+ e5
+ 47
+ 17
+ 68
+ 92
+ 92
+ 47
+ 4b
+ b2
+ 2b
+ 2c
  a9
- 09
- 4e
- b6
- 3c
- 24
- b5
- 1d
- 95
- 11
- 38
+ 3d
+ 7c
+ ba
+ 8b
+ 26
+ 8e
+ 18
+ 92
+ 25
+ 99
+ 3d
+ 4f
+ 6a
+ 82
+ 93
  2d
- 70
- 98
- 16
- 38
- 4c
+ 0f
+ 49
+ 6d
+ 47
+ 65
+ 04
+ 4e
  0b
  1c
  a6
@@ -10880631,280 +10879738,285 @@
  69
  81
  c3
- 49
- ed
- 65
- 62
- df
- 17
- 2d
+ b4
+ c0
+ 61
+ 5a
+ e0
  70
- 38
- a9
- 4d
- a8
- 48
- 2f
- 59
- 6d
- 17
- 4c
- 75
+ 52
+ 7b
  99
- ac
- b1
+ d8
+ f7
+ 45
  0b
- 35
- ff
- 2e
- ab
+ 1c
+ 4e
+ 6a
+ 13
+ 2a
+ d2
+ 4b
  d6
- 2e
- 6c
- f8
- b6
- ac
+ da
+ f4
+ 3b
+ d5
+ fa
+ dd
  3a
  bb
- 30
- d2
- 2a
- ab
- de
- 2e
- 5c
- 5d
- 2e
- ab
- c1
- 2e
- dc
- 78
- 56
- 56
- a3
- 5d
- 78
+ b8
  64
- 4c
- d6
- 32
+ af
+ ac
+ 7a
  bb
- f0
- 94
- 92
- 29
- d9
- 64
+ b8
+ 56
+ f5
+ 96
+ 6c
+ b0
+ 8b
+ fb
+ 1f
+ 95
+ d5
+ 68
  17
- fe
- 6b
- 48
- d6
- 72
+ df
+ 7d
+ 97
+ ac
+ 26
  bb
- 58
- bc
- 55
+ f8
+ b1
+ 57
+ 65
+ 35
+ db
+ c5
+ 87
+ 5e
+ 94
+ d5
+ 62
+ 17
+ bf
+ 73
+ 8d
+ ac
  56
- b3
- 5d
- 6c
- 54
+ bb
+ f8
+ fa
+ d3
+ b2
+ 96
+ d9
  a5
- 24
- 5b
- ec
- e2
- c6
- 4f
- cb
- 6a
+ 82
+ a7
+ 64
  b5
- 8b
- 63
- 7f
- 2e
- ab
- cd
+ d9
+ a5
+ 7a
+ 55
+ 4a
+ b2
+ dd
  2e
+ ad
+ 8b
+ c8
+ ea
+ b0
+ 4b
+ 87
  de
- a3
- 3c
- 4a
+ 90
+ d5
+ 69
+ 97
+ ee
+ 51
  46
- ed
- e2
- c3
- d7
- ca
- 8a
- d9
- c5
- 67
- 5c
- 3b
- 74
- ef
- c7
- ae
- 93
- db
- 61
- f7
- 5e
- 3f
- 73
- d3
- 15
+ 25
+ a3
  76
- ef
- 93
- 12
+ e9
+ c1
  52
- b2
- d3
- ee
- 7d
- f9
- 2a
  59
- 2b
+ 31
+ bb
+ f4
+ d4
+ 1f
+ 42
+ 76
+ df
+ 07
+ c2
+ 72
+ bb
  ed
- d2
- b6
- bd
- b2
- ba
- ec
- d2
- d5
- 87
- 65
- a1
- f6
- a4
+ be
+ 9b
  66
- 9d
- 59
- c3
- 4d
+ 6f
+ ba
+ dc
+ ee
+ 7b
  b2
+ 45
+ 56
+ 8f
+ dd
+ f7
+ 8b
+ 3f
+ c8
+ 5a
+ 61
+ 97
+ fb
+ 9f
+ 97
+ b5
+ d2
  2e
- 94
+ bf
+ 5b
+ 39
+ cd
+ 38
+ 2f
+ 9c
  d4
+ ac
+ 33
+ 6b
+ b8
+ 49
+ d6
+ 85
+ 92
+ 9a
+ fd
+ d0
+ 5f
+ b4
+ 84
  ec
+ f2
+ 7f
+ 2e
+ d6
+ df
+ 79
+ a1
+ 8d
+ 19
+ fd
+ 71
  87
  fe
- a2
- 25
- 64
- 97
- be
- 77
- 83
+ 2a
+ 80
+ da
+ 9a
+ d1
+ 1f
+ 90
+ 70
+ d9
+ 8c
  fe
+ 1c
+ 49
+ 7f
+ 7f
+ c4
+ 65
+ 81
+ bb
+ ec
+ bb
+ 92
+ 40
+ c0
  ce
+ b3
+ 00
+ c5
+ 06
+ 6c
+ 58
  0b
- 6d
- 4c
- eb
- 8f
- 3b
- f4
- 57
- 01
- d4
- d6
- b4
- fe
- 80
- 84
- cb
- a6
- f5
- e7
- 48
- fa
- fb
+ d8
+ db
+ 18
+ b0
+ 61
  23
- 2e
- 0b
- dc
- 65
- cf
- 48
+ a0
+ f2
  02
- 01
- 3b
- cf
+ 2a
+ 2f
+ a0
+ f2
  02
- 14
- 1b
- b0
- 61
+ ea
  2d
- 60
- 6f
- 63
- c0
- 86
- 8d
- 80
- ca
- 0b
- a8
- bc
- 80
- ca
- 0b
- a8
- b7
- 80
- 7a
- 0b
- a8
- b7
- 80
- 7a
- 0b
- a8
- b7
- 80
- 7a
- 0b
- a8
- b7
- 80
- 7a
- 0b
- a8
- b7
- 80
- 7a
- 0b
- a8
- b7
- 80
- 7a
- 0b
- a8
- b7
- 80
- 7a
- 0b
- a8
- b7
- 80
- 7a
- 0b
- a8
- b7
- 80
- 7a
- 0b
- 68
- 32
+ a0
+ de
+ 02
+ ea
+ 2d
+ a0
+ de
+ 02
+ ea
+ 2d
+ a0
+ de
+ 02
+ ea
+ 2d
+ a0
+ de
+ 02
+ ea
+ 2d
+ a0
+ de
+ 02
+ ea
+ 2d
+ a0
+ de
+ 02
+ ea
+ 2d
+ a0
+ de
+ 02
+ ea
+ 2d
+ a0
+ de
+ 02
+ ea
+ 2d
+ a0
+ de
  02
  9a
  8c
@@ -10880914,241 +10880026,243 @@
  a0
  c9
  08
- c8
- 9e
- 80
- 26
- 23
- 20
- 49
+ 68
+ 32
  02
- 64
- 1b
- d0
- 64
- 04
- a8
- 33
+ b2
+ 27
  a0
  c9
  08
+ 48
+ 92
+ 00
+ d9
+ 06
+ 34
+ 19
+ 01
+ ea
+ 0c
  68
  32
  02
- a6
- 2b
- 03
- fa
- 8a
- 80
- 5d
- 98
- 01
- 3b
- 1a
- 03
- ba
- 93
- 80
- a5
- ee
- 80
- 75
- 92
+ 9a
+ 8c
  80
- a4
- 0b
- 58
- 1c
- 0f
- c8
- ad
- 00
- b5
- 07
- 94
- 69
+ e9
+ ca
  80
- 1c
- 03
- 86
- dc
- 01
- 6d
- 49
- 40
- e3
- 11
- b0
- 86
- 11
- b0
- 0f
- 25
- 60
- 99
- 3c
+ be
+ 22
  60
- fb
- 5e
+ 17
+ 66
  c0
- 6e
- c8
+ 8e
+ c6
  80
- 34
- 0d
- e8
- 34
+ ee
+ 24
+ 60
+ a9
+ 3b
+ 60
+ 9d
+ 24
+ 20
+ e9
+ 02
+ 16
+ c7
  03
- 52
- 23
- a0
- 91
- 09
- 10
- 7f
+ 72
+ 2b
+ 40
+ ed
+ 01
+ 65
+ 1a
+ 20
+ c7
+ 80
+ 21
+ 77
  40
  5b
  12
- 30
- c9
- 16
- b0
- f2
- 13
- 30
- c9
- 11
  d0
- dc
+ 78
  04
- fc
+ ac
  61
- 43
- 40
- ab
- 12
- d0
- d2
  04
  ec
- 0d
- 0d
+ 43
+ 09
+ 58
+ 26
+ 0f
+ d8
+ be
+ 17
+ b0
+ 1b
+ 32
+ 20
+ 4d
+ 03
+ 3a
+ cd
+ 80
+ d4
+ 08
  68
- 50
+ 64
  02
- 52
- 28
- 20
- c5
+ c4
+ 1f
+ d0
+ 96
+ 04
+ 4c
+ b2
+ 05
+ ac
+ fc
+ 04
+ 4c
+ 72
+ 04
+ 34
+ 37
+ 01
+ 7f
+ d8
+ 10
+ d0
+ aa
+ 04
+ b4
+ 34
+ 01
+ 7b
+ 43
  03
- 36
+ 1a
+ 94
+ 80
  14
- 07
- 24
- 71
+ 0a
+ 48
+ f1
+ 80
+ 0d
+ c5
+ 01
+ 49
+ 1c
+ b0
+ fd
+ 27
+ 60
+ 56
+ 23
+ a0
+ 47
+ 0c
+ 58
+ 48
+ 0b
+ 58
+ e4
+ 0a
+ 58
+ f9
+ 09
+ d8
+ 3b
+ 13
+ d0
+ 36
+ 05
+ a4
+ 5a
  c0
- f6
- 9f
+ 06
+ c2
  80
- 59
+ a9
  8d
  80
- 1e
- 31
- 60
- 21
- 2d
- 60
- 91
- 2b
- 60
- e5
- 27
- 60
- ef
- 4c
+ 49
+ 8e
+ 80
+ 8a
+ 0f
+ a8
+ f8
+ 80
+ 8a
+ 0f
+ a8
+ f8
+ 80
+ 8a
+ 0f
+ a8
+ f8
+ 80
+ 8a
+ 0f
+ a8
+ f8
+ c0
+ 55
+ 7c
+ b9
+ fb
+ 5c
+ b8
+ fc
+ f3
+ 87
+ 43
+ 58
+ 06
+ 0a
  40
- db
- 14
- 90
- 6a
- 01
- 1b
- 08
- 03
- a6
- 36
- 02
- 26
- 39
- 02
- 2a
- 3e
- a0
- e2
- 03
- 2a
- 3e
- a0
- e2
- 03
- 2a
- 3e
- a0
- e2
- 03
- 2a
- 3e
- a0
- e2
- 03
- 57
- f1
- 65
- ee
- 73
- e1
- d2
- af
- 99
- 69
- 2b
- db
- 64
- a0
- 00
- cc
+ 21
+ 28
  02
- 85
+ c5
  a0
- 08
- 14
- 83
- 12
- 30
- 1b
+ 04
  94
  82
- 30
- 28
- 03
+ 39
+ a0
+ 0c
+ 84
+ 41
+ 39
+ a8
+ b0
+ cb
+ 2f
+ ba
+ d1
+ e7
  e5
- 76
- e9
- 57
- 59
- 77
- 97
  97
- af
- 0f
- fd
- 37
- 92
- 69
+ 16
+ 86
+ fe
+ 3f
+ 61
+ 7e
  36
- e9
+ c7
  0a
  65
  6e
@@ -10881181,10 +10880295,10 @@
  30
  38
  37
- 33
- 34
- 38
  32
+ 35
+ 39
+ 37
  0a
  25
  25
